<?xml version="1.0" encoding="UTF-8"?>
<coverage generated="1761684734778" clover="3.2.0">
  <project timestamp="1761684734778" name="All files">
    <metrics statements="358" coveredstatements="313" conditionals="192" coveredconditionals="153" methods="62" coveredmethods="50" elements="612" coveredelements="516" complexity="0" loc="358" ncloc="358" packages="4" files="6" classes="6"/>
    <package name="commands">
      <metrics statements="52" coveredstatements="49" conditionals="16" coveredconditionals="15" methods="9" coveredmethods="7"/>
      <file name="scan-command.ts" path="C:\Users\Lilly\OneDrive\Desktop\Test\.obsidian\plugins\Flashly-\src\commands\scan-command.ts">
        <metrics statements="52" coveredstatements="49" conditionals="16" coveredconditionals="15" methods="9" coveredmethods="7"/>
        <line num="6" count="1" type="stmt"/>
        <line num="19" count="1" type="stmt"/>
        <line num="21" count="14" type="stmt"/>
        <line num="22" count="14" type="stmt"/>
        <line num="23" count="14" type="stmt"/>
        <line num="30" count="1" type="stmt"/>
        <line num="37" count="1" type="stmt"/>
        <line num="44" count="1" type="stmt"/>
        <line num="45" count="0" type="stmt"/>
        <line num="53" count="13" type="stmt"/>
        <line num="62" count="13" type="stmt"/>
        <line num="64" count="13" type="stmt"/>
        <line num="66" count="13" type="stmt"/>
        <line num="69" count="13" type="stmt"/>
        <line num="70" count="2" type="stmt"/>
        <line num="72" count="13" type="stmt"/>
        <line num="75" count="13" type="stmt"/>
        <line num="76" count="12" type="stmt"/>
        <line num="77" count="12" type="stmt"/>
        <line num="79" count="10" type="stmt"/>
        <line num="80" count="10" type="stmt"/>
        <line num="83" count="10" type="stmt"/>
        <line num="84" count="11" type="stmt"/>
        <line num="86" count="11" type="stmt"/>
        <line num="87" count="11" type="cond" truecount="2" falsecount="0"/>
        <line num="89" count="1" type="stmt"/>
        <line num="90" count="1" type="stmt"/>
        <line num="93" count="10" type="stmt"/>
        <line num="94" count="10" type="stmt"/>
        <line num="98" count="2" type="stmt"/>
        <line num="99" count="2" type="stmt"/>
        <line num="104" count="13" type="stmt"/>
        <line num="105" count="2" type="cond" truecount="2" falsecount="0"/>
        <line num="106" count="1" type="stmt"/>
        <line num="107" count="1" type="stmt"/>
        <line num="112" count="13" type="stmt"/>
        <line num="115" count="13" type="stmt"/>
        <line num="116" count="13" type="stmt"/>
        <line num="119" count="0" type="stmt"/>
        <line num="120" count="0" type="stmt"/>
        <line num="123" count="13" type="stmt"/>
        <line num="130" count="13" type="stmt"/>
        <line num="132" count="13" type="cond" truecount="2" falsecount="0"/>
        <line num="134" count="13" type="cond" truecount="2" falsecount="0"/>
        <line num="135" count="7" type="stmt"/>
        <line num="138" count="13" type="cond" truecount="2" falsecount="0"/>
        <line num="139" count="1" type="stmt"/>
        <line num="142" count="13" type="cond" truecount="2" falsecount="0"/>
        <line num="143" count="1" type="stmt"/>
        <line num="146" count="13" type="cond" truecount="2" falsecount="0"/>
        <line num="147" count="2" type="cond" truecount="1" falsecount="1"/>
        <line num="150" count="13" type="stmt"/>
      </file>
    </package>
    <package name="models">
      <metrics statements="18" coveredstatements="12" conditionals="9" coveredconditionals="4" methods="3" coveredmethods="2"/>
      <file name="card.ts" path="C:\Users\Lilly\OneDrive\Desktop\Test\.obsidian\plugins\Flashly-\src\models\card.ts">
        <metrics statements="18" coveredstatements="12" conditionals="9" coveredconditionals="4" methods="3" coveredmethods="2"/>
        <line num="1" count="4" type="stmt"/>
        <line num="25" count="4" type="stmt"/>
        <line num="34" count="63" type="stmt"/>
        <line num="35" count="63" type="stmt"/>
        <line num="36" count="63" type="stmt"/>
        <line num="38" count="63" type="stmt"/>
        <line num="58" count="4" type="cond" truecount="2" falsecount="0"/>
        <line num="59" count="4" type="stmt"/>
        <line num="60" count="4" type="stmt"/>
        <line num="61" count="4" type="stmt"/>
        <line num="62" count="4" type="stmt"/>
        <line num="68" count="4" type="stmt"/>
        <line num="69" count="0" type="cond" truecount="0" falsecount="5"/>
        <line num="71" count="0" type="stmt"/>
        <line num="73" count="0" type="stmt"/>
        <line num="75" count="0" type="stmt"/>
        <line num="77" count="0" type="stmt"/>
        <line num="79" count="0" type="stmt"/>
      </file>
    </package>
    <package name="parser">
      <metrics statements="252" coveredstatements="216" conditionals="161" coveredconditionals="128" methods="28" coveredmethods="19"/>
      <file name="flashcard-parser.ts" path="C:\Users\Lilly\OneDrive\Desktop\Test\.obsidian\plugins\Flashly-\src\parser\flashcard-parser.ts">
        <metrics statements="47" coveredstatements="26" conditionals="12" coveredconditionals="5" methods="9" coveredmethods="3"/>
        <line num="2" count="1" type="stmt"/>
        <line num="3" count="1" type="stmt"/>
        <line num="19" count="1" type="stmt"/>
        <line num="24" count="14" type="stmt"/>
        <line num="25" count="14" type="stmt"/>
        <line num="27" count="14" type="stmt"/>
        <line num="28" count="14" type="stmt"/>
        <line num="37" count="12" type="stmt"/>
        <line num="40" count="12" type="cond" truecount="1" falsecount="1"/>
        <line num="41" count="12" type="stmt"/>
        <line num="42" count="12" type="stmt"/>
        <line num="46" count="12" type="cond" truecount="1" falsecount="1"/>
        <line num="51" count="12" type="cond" truecount="1" falsecount="1"/>
        <line num="54" count="12" type="cond" truecount="1" falsecount="1"/>
        <line num="55" count="12" type="stmt"/>
        <line num="56" count="10" type="stmt"/>
        <line num="57" count="10" type="stmt"/>
        <line num="62" count="10" type="stmt"/>
        <line num="70" count="0" type="stmt"/>
        <line num="71" count="0" type="stmt"/>
        <line num="73" count="0" type="stmt"/>
        <line num="74" count="0" type="stmt"/>
        <line num="75" count="0" type="stmt"/>
        <line num="78" count="0" type="stmt"/>
        <line num="87" count="0" type="stmt"/>
        <line num="89" count="0" type="stmt"/>
        <line num="90" count="0" type="stmt"/>
        <line num="91" count="0" type="stmt"/>
        <line num="94" count="0" type="stmt"/>
        <line num="101" count="10" type="stmt"/>
        <line num="102" count="10" type="stmt"/>
        <line num="104" count="10" type="stmt"/>
        <line num="105" count="11" type="cond" truecount="1" falsecount="1"/>
        <line num="106" count="11" type="stmt"/>
        <line num="107" count="11" type="stmt"/>
        <line num="111" count="10" type="stmt"/>
        <line num="118" count="0" type="stmt"/>
        <line num="120" count="0" type="stmt"/>
        <line num="124" count="0" type="stmt"/>
        <line num="125" count="0" type="stmt"/>
        <line num="130" count="0" type="stmt"/>
        <line num="132" count="0" type="cond" truecount="0" falsecount="2"/>
        <line num="133" count="0" type="stmt"/>
        <line num="135" count="0" type="stmt"/>
        <line num="139" count="0" type="stmt"/>
        <line num="154" count="1" type="stmt"/>
        <line num="155" count="0" type="stmt"/>
      </file>
      <file name="header-parser.ts" path="C:\Users\Lilly\OneDrive\Desktop\Test\.obsidian\plugins\Flashly-\src\parser\header-parser.ts">
        <metrics statements="91" coveredstatements="82" conditionals="83" coveredconditionals="63" methods="11" coveredmethods="9"/>
        <line num="1" count="2" type="stmt"/>
        <line num="2" count="2" type="stmt"/>
        <line num="30" count="2" type="stmt"/>
        <line num="32" count="42" type="stmt"/>
        <line num="33" count="42" type="stmt"/>
        <line num="40" count="31" type="stmt"/>
        <line num="41" count="31" type="cond" truecount="10" falsecount="0"/>
        <line num="44" count="18" type="cond" truecount="2" falsecount="0"/>
        <line num="49" count="18" type="stmt"/>
        <line num="50" count="19" type="stmt"/>
        <line num="51" count="19" type="cond" truecount="2" falsecount="0"/>
        <line num="60" count="17" type="stmt"/>
        <line num="61" count="30" type="stmt"/>
        <line num="63" count="30" type="cond" truecount="3" falsecount="0"/>
        <line num="65" count="15" type="cond" truecount="3" falsecount="1"/>
        <line num="66" count="15" type="stmt"/>
        <line num="69" count="1" type="cond" truecount="6" falsecount="2"/>
        <line num="70" count="1" type="cond" truecount="1" falsecount="1"/>
        <line num="74" count="1" type="stmt"/>
        <line num="75" count="1" type="stmt"/>
        <line num="76" count="1" type="cond" truecount="1" falsecount="1"/>
        <line num="77" count="1" type="stmt"/>
        <line num="78" count="1" type="stmt"/>
        <line num="81" count="1" type="cond" truecount="1" falsecount="1"/>
        <line num="84" count="1" type="stmt"/>
        <line num="87" count="14" type="stmt"/>
        <line num="88" count="14" type="stmt"/>
        <line num="91" count="30" type="cond" truecount="2" falsecount="0"/>
        <line num="95" count="0" type="stmt"/>
        <line num="102" count="26" type="cond" truecount="2" falsecount="0"/>
        <line num="103" count="13" type="stmt"/>
        <line num="106" count="13" type="stmt"/>
        <line num="107" count="13" type="stmt"/>
        <line num="108" count="13" type="cond" truecount="1" falsecount="1"/>
        <line num="110" count="13" type="stmt"/>
        <line num="111" count="13" type="stmt"/>
        <line num="113" count="13" type="stmt"/>
        <line num="114" count="13" type="stmt"/>
        <line num="115" count="13" type="stmt"/>
        <line num="117" count="13" type="stmt"/>
        <line num="118" count="26" type="stmt"/>
        <line num="121" count="26" type="cond" truecount="1" falsecount="1"/>
        <line num="122" count="0" type="stmt"/>
        <line num="125" count="26" type="stmt"/>
        <line num="126" count="26" type="cond" truecount="2" falsecount="0"/>
        <line num="128" count="26" type="stmt"/>
        <line num="135" count="26" type="cond" truecount="4" falsecount="0"/>
        <line num="136" count="25" type="stmt"/>
        <line num="138" count="25" type="stmt"/>
        <line num="148" count="25" type="stmt"/>
        <line num="152" count="13" type="stmt"/>
        <line num="159" count="13" type="stmt"/>
        <line num="160" count="13" type="stmt"/>
        <line num="162" count="13" type="stmt"/>
        <line num="163" count="79" type="stmt"/>
        <line num="166" count="79" type="cond" truecount="2" falsecount="0"/>
        <line num="167" count="2" type="stmt"/>
        <line num="168" count="2" type="stmt"/>
        <line num="171" count="77" type="cond" truecount="2" falsecount="0"/>
        <line num="174" count="76" type="cond" truecount="4" falsecount="0"/>
        <line num="175" count="63" type="stmt"/>
        <line num="176" count="63" type="cond" truecount="2" falsecount="0"/>
        <line num="177" count="2" type="stmt"/>
        <line num="182" count="74" type="stmt"/>
        <line num="183" count="74" type="cond" truecount="2" falsecount="0"/>
        <line num="184" count="28" type="stmt"/>
        <line num="187" count="28" type="cond" truecount="2" falsecount="0"/>
        <line num="188" count="26" type="stmt"/>
        <line num="197" count="13" type="stmt"/>
        <line num="208" count="26" type="stmt"/>
        <line num="210" count="26" type="stmt"/>
        <line num="211" count="47" type="stmt"/>
        <line num="214" count="47" type="cond" truecount="1" falsecount="1"/>
        <line num="215" count="0" type="cond" truecount="0" falsecount="4"/>
        <line num="216" count="0" type="stmt"/>
        <line num="218" count="47" type="cond" truecount="1" falsecount="1"/>
        <line num="219" count="0" type="cond" truecount="0" falsecount="2"/>
        <line num="220" count="0" type="stmt"/>
        <line num="224" count="47" type="stmt"/>
        <line num="227" count="26" type="stmt"/>
        <line num="234" count="13" type="stmt"/>
        <line num="237" count="13" type="cond" truecount="4" falsecount="2"/>
        <line num="238" count="13" type="cond" truecount="1" falsecount="1"/>
        <line num="241" count="13" type="stmt"/>
        <line num="245" count="13" type="cond" truecount="1" falsecount="1"/>
        <line num="246" count="13" type="stmt"/>
        <line num="249" count="13" type="stmt"/>
        <line num="256" count="2" type="stmt"/>
        <line num="261" count="0" type="stmt"/>
        <line num="273" count="0" type="stmt"/>
        <line num="274" count="0" type="stmt"/>
      </file>
      <file name="inline-parser.ts" path="C:\Users\Lilly\OneDrive\Desktop\Test\.obsidian\plugins\Flashly-\src\parser\inline-parser.ts">
        <metrics statements="114" coveredstatements="108" conditionals="66" coveredconditionals="60" methods="8" coveredmethods="7"/>
        <line num="1" count="2" type="stmt"/>
        <line num="2" count="2" type="stmt"/>
        <line num="19" count="2" type="stmt"/>
        <line num="20" count="39" type="stmt"/>
        <line num="29" count="32" type="stmt"/>
        <line num="30" count="32" type="stmt"/>
        <line num="33" count="32" type="stmt"/>
        <line num="34" count="32" type="stmt"/>
        <line num="36" count="32" type="stmt"/>
        <line num="37" count="59" type="stmt"/>
        <line num="40" count="59" type="cond" truecount="2" falsecount="0"/>
        <line num="41" count="2" type="stmt"/>
        <line num="42" count="2" type="stmt"/>
        <line num="43" count="2" type="stmt"/>
        <line num="47" count="57" type="cond" truecount="2" falsecount="0"/>
        <line num="48" count="1" type="stmt"/>
        <line num="49" count="1" type="stmt"/>
        <line num="52" count="56" type="stmt"/>
        <line num="55" count="56" type="cond" truecount="2" falsecount="0"/>
        <line num="56" count="10" type="stmt"/>
        <line num="57" count="10" type="stmt"/>
        <line num="61" count="46" type="cond" truecount="1" falsecount="1"/>
        <line num="62" count="46" type="stmt"/>
        <line num="63" count="46" type="cond" truecount="2" falsecount="0"/>
        <line num="64" count="25" type="stmt"/>
        <line num="65" count="25" type="stmt"/>
        <line num="66" count="25" type="stmt"/>
        <line num="71" count="21" type="cond" truecount="5" falsecount="0"/>
        <line num="72" count="7" type="stmt"/>
        <line num="73" count="7" type="cond" truecount="1" falsecount="1"/>
        <line num="74" count="7" type="stmt"/>
        <line num="75" count="7" type="stmt"/>
        <line num="76" count="7" type="stmt"/>
        <line num="81" count="14" type="cond" truecount="2" falsecount="0"/>
        <line num="82" count="13" type="stmt"/>
        <line num="83" count="13" type="cond" truecount="2" falsecount="0"/>
        <line num="84" count="5" type="stmt"/>
        <line num="88" count="14" type="stmt"/>
        <line num="91" count="32" type="stmt"/>
        <line num="100" count="46" type="cond" truecount="2" falsecount="0"/>
        <line num="101" count="18" type="stmt"/>
        <line num="106" count="28" type="stmt"/>
        <line num="107" count="28" type="stmt"/>
        <line num="108" count="28" type="stmt"/>
        <line num="110" count="28" type="stmt"/>
        <line num="111" count="237" type="cond" truecount="5" falsecount="0"/>
        <line num="113" count="29" type="cond" truecount="4" falsecount="0"/>
        <line num="115" count="1" type="stmt"/>
        <line num="116" count="1" type="stmt"/>
        <line num="119" count="28" type="stmt"/>
        <line num="120" count="28" type="stmt"/>
        <line num="121" count="28" type="stmt"/>
        <line num="123" count="28" type="stmt"/>
        <line num="124" count="28" type="stmt"/>
        <line num="127" count="208" type="stmt"/>
        <line num="128" count="208" type="stmt"/>
        <line num="133" count="28" type="cond" truecount="1" falsecount="1"/>
        <line num="134" count="0" type="stmt"/>
        <line num="137" count="28" type="stmt"/>
        <line num="138" count="28" type="stmt"/>
        <line num="141" count="28" type="cond" truecount="2" falsecount="0"/>
        <line num="142" count="1" type="stmt"/>
        <line num="146" count="27" type="cond" truecount="4" falsecount="0"/>
        <line num="147" count="2" type="stmt"/>
        <line num="151" count="25" type="stmt"/>
        <line num="154" count="25" type="stmt"/>
        <line num="175" count="7" type="stmt"/>
        <line num="176" count="7" type="stmt"/>
        <line num="179" count="7" type="cond" truecount="1" falsecount="1"/>
        <line num="180" count="0" type="stmt"/>
        <line num="184" count="7" type="stmt"/>
        <line num="185" count="7" type="stmt"/>
        <line num="188" count="7" type="stmt"/>
        <line num="189" count="14" type="stmt"/>
        <line num="192" count="14" type="cond" truecount="4" falsecount="0"/>
        <line num="193" count="1" type="stmt"/>
        <line num="197" count="13" type="cond" truecount="4" falsecount="0"/>
        <line num="198" count="1" type="stmt"/>
        <line num="202" count="12" type="cond" truecount="4" falsecount="0"/>
        <line num="203" count="1" type="stmt"/>
        <line num="207" count="11" type="cond" truecount="2" falsecount="0"/>
        <line num="208" count="7" type="stmt"/>
        <line num="209" count="4" type="cond" truecount="1" falsecount="1"/>
        <line num="211" count="4" type="stmt"/>
        <line num="214" count="11" type="stmt"/>
        <line num="218" count="7" type="stmt"/>
        <line num="221" count="7" type="cond" truecount="3" falsecount="1"/>
        <line num="222" count="0" type="stmt"/>
        <line num="226" count="7" type="stmt"/>
        <line num="229" count="7" type="stmt"/>
        <line num="237" count="7" type="stmt"/>
        <line num="246" count="13" type="stmt"/>
        <line num="249" count="13" type="stmt"/>
        <line num="250" count="13" type="stmt"/>
        <line num="252" count="13" type="cond" truecount="2" falsecount="0"/>
        <line num="253" count="8" type="stmt"/>
        <line num="257" count="5" type="stmt"/>
        <line num="258" count="6" type="stmt"/>
        <line num="261" count="6" type="stmt"/>
        <line num="262" count="6" type="stmt"/>
        <line num="263" count="6" type="stmt"/>
        <line num="264" count="8" type="cond" truecount="2" falsecount="0"/>
        <line num="265" count="6" type="stmt"/>
        <line num="266" count="6" type="stmt"/>
        <line num="268" count="2" type="stmt"/>
        <line num="269" count="2" type="stmt"/>
        <line num="273" count="6" type="stmt"/>
        <line num="276" count="6" type="stmt"/>
        <line num="284" count="6" type="stmt"/>
        <line num="287" count="5" type="stmt"/>
        <line num="294" count="2" type="stmt"/>
        <line num="299" count="0" type="stmt"/>
        <line num="307" count="0" type="stmt"/>
        <line num="308" count="0" type="stmt"/>
      </file>
    </package>
    <package name="services">
      <metrics statements="36" coveredstatements="36" conditionals="6" coveredconditionals="6" methods="22" coveredmethods="22"/>
      <file name="storage-service.ts" path="C:\Users\Lilly\OneDrive\Desktop\Test\.obsidian\plugins\Flashly-\src\services\storage-service.ts">
        <metrics statements="36" coveredstatements="36" conditionals="6" coveredconditionals="6" methods="22" coveredmethods="22"/>
        <line num="33" count="2" type="stmt"/>
        <line num="34" count="35" type="stmt"/>
        <line num="38" count="35" type="stmt"/>
        <line num="45" count="34" type="stmt"/>
        <line num="47" count="34" type="cond" truecount="4" falsecount="0"/>
        <line num="48" count="32" type="stmt"/>
        <line num="49" count="32" type="stmt"/>
        <line num="53" count="2" type="stmt"/>
        <line num="54" count="2" type="stmt"/>
        <line num="62" count="15" type="stmt"/>
        <line num="68" count="15" type="stmt"/>
        <line num="69" count="13" type="stmt"/>
        <line num="72" count="15" type="stmt"/>
        <line num="79" count="18" type="stmt"/>
        <line num="86" count="8" type="stmt"/>
        <line num="87" count="23" type="stmt"/>
        <line num="95" count="18" type="stmt"/>
        <line num="102" count="23" type="stmt"/>
        <line num="109" count="3" type="stmt"/>
        <line num="110" count="3" type="cond" truecount="2" falsecount="0"/>
        <line num="111" count="1" type="stmt"/>
        <line num="114" count="2" type="stmt"/>
        <line num="115" count="2" type="stmt"/>
        <line num="122" count="2" type="stmt"/>
        <line num="129" count="3" type="stmt"/>
        <line num="136" count="3" type="stmt"/>
        <line num="143" count="3" type="stmt"/>
        <line num="150" count="6" type="stmt"/>
        <line num="157" count="10" type="stmt"/>
        <line num="164" count="2" type="stmt"/>
        <line num="165" count="2" type="stmt"/>
        <line num="166" count="6" type="stmt"/>
        <line num="168" count="2" type="stmt"/>
        <line num="175" count="1" type="stmt"/>
        <line num="186" count="13" type="stmt"/>
        <line num="204" count="2" type="stmt"/>
      </file>
    </package>
  </project>
</coverage>
