{"C:\\Users\\Lilly\\OneDrive\\Desktop\\Test\\.obsidian\\plugins\\Flashly-\\src\\commands\\scan-command.ts": {"path":"C:\\Users\\Lilly\\OneDrive\\Desktop\\Test\\.obsidian\\plugins\\Flashly-\\src\\commands\\scan-command.ts","statementMap":{"0":{"start":{"line":6,"column":0},"end":{"line":6,"column":39}},"1":{"start":{"line":21,"column":12},"end":{"line":21,"column":20}},"2":{"start":{"line":22,"column":12},"end":{"line":22,"column":35}},"3":{"start":{"line":23,"column":12},"end":{"line":23,"column":35}},"4":{"start":{"line":30,"column":4},"end":{"line":30,"column":32}},"5":{"start":{"line":37,"column":4},"end":{"line":37,"column":39}},"6":{"start":{"line":44,"column":4},"end":{"line":46,"column":6}},"7":{"start":{"line":44,"column":22},"end":{"line":46,"column":6}},"8":{"start":{"line":45,"column":6},"end":{"line":45,"column":27}},"9":{"start":{"line":53,"column":34},"end":{"line":60,"column":6}},"10":{"start":{"line":62,"column":4},"end":{"line":62,"column":51}},"11":{"start":{"line":64,"column":4},"end":{"line":121,"column":null}},"12":{"start":{"line":66,"column":20},"end":{"line":66,"column":53}},"13":{"start":{"line":69,"column":30},"end":{"line":70,"column":null}},"14":{"start":{"line":70,"column":47},"end":{"line":70,"column":54}},"15":{"start":{"line":72,"column":27},"end":{"line":72,"column":44}},"16":{"start":{"line":75,"column":6},"end":{"line":101,"column":null}},"17":{"start":{"line":76,"column":8},"end":{"line":100,"column":null}},"18":{"start":{"line":77,"column":24},"end":{"line":77,"column":57}},"19":{"start":{"line":79,"column":10},"end":{"line":79,"column":31}},"20":{"start":{"line":80,"column":10},"end":{"line":80,"column":43}},"21":{"start":{"line":83,"column":10},"end":{"line":96,"column":null}},"22":{"start":{"line":84,"column":12},"end":{"line":84,"column":38}},"23":{"start":{"line":86,"column":29},"end":{"line":86,"column":58}},"24":{"start":{"line":87,"column":12},"end":{"line":95,"column":null}},"25":{"start":{"line":89,"column":14},"end":{"line":89,"column":53}},"26":{"start":{"line":90,"column":14},"end":{"line":90,"column":35}},"27":{"start":{"line":93,"column":14},"end":{"line":93,"column":41}},"28":{"start":{"line":94,"column":14},"end":{"line":94,"column":33}},"29":{"start":{"line":98,"column":10},"end":{"line":98,"column":25}},"30":{"start":{"line":99,"column":10},"end":{"line":99,"column":68}},"31":{"start":{"line":104,"column":6},"end":{"line":109,"column":null}},"32":{"start":{"line":105,"column":8},"end":{"line":108,"column":null}},"33":{"start":{"line":106,"column":10},"end":{"line":106,"column":46}},"34":{"start":{"line":107,"column":10},"end":{"line":107,"column":31}},"35":{"start":{"line":112,"column":6},"end":{"line":112,"column":32}},"36":{"start":{"line":115,"column":22},"end":{"line":115,"column":57}},"37":{"start":{"line":116,"column":6},"end":{"line":116,"column":26}},"38":{"start":{"line":119,"column":6},"end":{"line":119,"column":70}},"39":{"start":{"line":120,"column":6},"end":{"line":120,"column":42}},"40":{"start":{"line":123,"column":4},"end":{"line":123,"column":17}},"41":{"start":{"line":130,"column":28},"end":{"line":130,"column":30}},"42":{"start":{"line":132,"column":4},"end":{"line":132,"column":90}},"43":{"start":{"line":134,"column":4},"end":{"line":136,"column":null}},"44":{"start":{"line":135,"column":6},"end":{"line":135,"column":44}},"45":{"start":{"line":138,"column":4},"end":{"line":140,"column":null}},"46":{"start":{"line":139,"column":6},"end":{"line":139,"column":50}},"47":{"start":{"line":142,"column":4},"end":{"line":144,"column":null}},"48":{"start":{"line":143,"column":6},"end":{"line":143,"column":50}},"49":{"start":{"line":146,"column":4},"end":{"line":148,"column":null}},"50":{"start":{"line":147,"column":6},"end":{"line":147,"column":74}},"51":{"start":{"line":150,"column":4},"end":{"line":150,"column":28}},"52":{"start":{"line":19,"column":0},"end":{"line":19,"column":13}}},"fnMap":{"0":{"name":"(anonymous_0)","decl":{"start":{"line":20,"column":2},"end":{"line":20,"column":null}},"loc":{"start":{"line":23,"column":35},"end":{"line":24,"column":6}}},"1":{"name":"(anonymous_1)","decl":{"start":{"line":29,"column":2},"end":{"line":29,"column":7}},"loc":{"start":{"line":29,"column":7},"end":{"line":31,"column":3}}},"2":{"name":"(anonymous_2)","decl":{"start":{"line":36,"column":2},"end":{"line":36,"column":9}},"loc":{"start":{"line":36,"column":9},"end":{"line":38,"column":3}}},"3":{"name":"(anonymous_3)","decl":{"start":{"line":43,"column":2},"end":{"line":43,"column":13}},"loc":{"start":{"line":43,"column":13},"end":{"line":47,"column":3}}},"4":{"name":"(anonymous_4)","decl":{"start":{"line":44,"column":11},"end":{"line":44,"column":20}},"loc":{"start":{"line":44,"column":22},"end":{"line":46,"column":6}}},"5":{"name":"(anonymous_5)","decl":{"start":{"line":44,"column":22},"end":{"line":44,"column":null}},"loc":{"start":{"line":44,"column":22},"end":{"line":46,"column":5}}},"6":{"name":"(anonymous_6)","decl":{"start":{"line":52,"column":8},"end":{"line":52,"column":15}},"loc":{"start":{"line":52,"column":15},"end":{"line":124,"column":null}}},"7":{"name":"(anonymous_8)","decl":{"start":{"line":70,"column":39},"end":{"line":70,"column":43}},"loc":{"start":{"line":70,"column":47},"end":{"line":70,"column":54}}},"8":{"name":"(anonymous_9)","decl":{"start":{"line":129,"column":10},"end":{"line":129,"column":33}},"loc":{"start":{"line":129,"column":55},"end":{"line":151,"column":3}}}},"branchMap":{"0":{"loc":{"start":{"line":87,"column":12},"end":{"line":95,"column":null}},"type":"if","locations":[{"start":{"line":87,"column":12},"end":{"line":95,"column":null}},{"start":{"line":91,"column":19},"end":{"line":95,"column":null}}]},"1":{"loc":{"start":{"line":105,"column":8},"end":{"line":108,"column":null}},"type":"if","locations":[{"start":{"line":105,"column":8},"end":{"line":108,"column":null}},{"start":{},"end":{}}]},"2":{"loc":{"start":{"line":132,"column":53},"end":{"line":132,"column":86}},"type":"cond-expr","locations":[{"start":{"line":132,"column":78},"end":{"line":132,"column":81}},{"start":{"line":132,"column":84},"end":{"line":132,"column":86}}]},"3":{"loc":{"start":{"line":134,"column":4},"end":{"line":136,"column":null}},"type":"if","locations":[{"start":{"line":134,"column":4},"end":{"line":136,"column":null}},{"start":{},"end":{}}]},"4":{"loc":{"start":{"line":138,"column":4},"end":{"line":140,"column":null}},"type":"if","locations":[{"start":{"line":138,"column":4},"end":{"line":140,"column":null}},{"start":{},"end":{}}]},"5":{"loc":{"start":{"line":142,"column":4},"end":{"line":144,"column":null}},"type":"if","locations":[{"start":{"line":142,"column":4},"end":{"line":144,"column":null}},{"start":{},"end":{}}]},"6":{"loc":{"start":{"line":146,"column":4},"end":{"line":148,"column":null}},"type":"if","locations":[{"start":{"line":146,"column":4},"end":{"line":148,"column":null}},{"start":{},"end":{}}]},"7":{"loc":{"start":{"line":147,"column":41},"end":{"line":147,"column":70}},"type":"cond-expr","locations":[{"start":{"line":147,"column":62},"end":{"line":147,"column":65}},{"start":{"line":147,"column":68},"end":{"line":147,"column":70}}]}},"s":{"0":1,"1":14,"2":14,"3":14,"4":1,"5":1,"6":1,"7":0,"8":0,"9":13,"10":13,"11":13,"12":13,"13":13,"14":2,"15":13,"16":13,"17":12,"18":12,"19":10,"20":10,"21":10,"22":11,"23":11,"24":11,"25":1,"26":1,"27":10,"28":10,"29":2,"30":2,"31":13,"32":2,"33":1,"34":1,"35":13,"36":13,"37":13,"38":0,"39":0,"40":13,"41":13,"42":13,"43":13,"44":7,"45":13,"46":1,"47":13,"48":1,"49":13,"50":2,"51":13,"52":1},"f":{"0":14,"1":1,"2":1,"3":1,"4":0,"5":0,"6":13,"7":2,"8":13},"b":{"0":[1,10],"1":[1,1],"2":[7,6],"3":[7,6],"4":[1,12],"5":[1,12],"6":[2,11],"7":[0,2]}}
,"C:\\Users\\Lilly\\OneDrive\\Desktop\\Test\\.obsidian\\plugins\\Flashly-\\src\\models\\card.ts": {"path":"C:\\Users\\Lilly\\OneDrive\\Desktop\\Test\\.obsidian\\plugins\\Flashly-\\src\\models\\card.ts","statementMap":{"0":{"start":{"line":1,"column":0},"end":{"line":1,"column":50}},"1":{"start":{"line":34,"column":12},"end":{"line":34,"column":42}},"2":{"start":{"line":35,"column":13},"end":{"line":35,"column":23}},"3":{"start":{"line":36,"column":21},"end":{"line":36,"column":32}},"4":{"start":{"line":38,"column":1},"end":{"line":52,"column":3}},"5":{"start":{"line":25,"column":0},"end":{"line":25,"column":16}},"6":{"start":{"line":58,"column":0},"end":{"line":58,"column":null}},"7":{"start":{"line":59,"column":1},"end":{"line":59,"column":null}},"8":{"start":{"line":60,"column":1},"end":{"line":60,"column":null}},"9":{"start":{"line":61,"column":1},"end":{"line":61,"column":null}},"10":{"start":{"line":62,"column":1},"end":{"line":62,"column":null}},"11":{"start":{"line":69,"column":1},"end":{"line":80,"column":null}},"12":{"start":{"line":71,"column":3},"end":{"line":71,"column":24}},"13":{"start":{"line":73,"column":3},"end":{"line":73,"column":29}},"14":{"start":{"line":75,"column":3},"end":{"line":75,"column":27}},"15":{"start":{"line":77,"column":3},"end":{"line":77,"column":31}},"16":{"start":{"line":79,"column":3},"end":{"line":79,"column":20}},"17":{"start":{"line":68,"column":0},"end":{"line":68,"column":16}}},"fnMap":{"0":{"name":"createFlashlyCard","decl":{"start":{"line":25,"column":16},"end":{"line":25,"column":33}},"loc":{"start":{"line":32,"column":20},"end":{"line":53,"column":1}}},"1":{"name":"(anonymous_1)","decl":{"start":{"line":58,"column":0},"end":{"line":58,"column":12}},"loc":{"start":{"line":58,"column":21},"end":{"line":63,"column":1}}},"2":{"name":"getCardStateLabel","decl":{"start":{"line":68,"column":16},"end":{"line":68,"column":33}},"loc":{"start":{"line":68,"column":46},"end":{"line":81,"column":1}}}},"branchMap":{"0":{"loc":{"start":{"line":31,"column":1},"end":{"line":31,"column":17}},"type":"default-arg","locations":[{"start":{"line":31,"column":8},"end":{"line":31,"column":17}}]},"1":{"loc":{"start":{"line":32,"column":1},"end":{"line":32,"column":20}},"type":"default-arg","locations":[{"start":{"line":32,"column":18},"end":{"line":32,"column":20}}]},"2":{"loc":{"start":{"line":58,"column":12},"end":{"line":58,"column":null}},"type":"binary-expr","locations":[{"start":{"line":58,"column":12},"end":{"line":58,"column":21}},{"start":{"line":58,"column":12},"end":{"line":58,"column":null}}]},"3":{"loc":{"start":{"line":69,"column":1},"end":{"line":80,"column":null}},"type":"switch","locations":[{"start":{"line":70,"column":2},"end":{"line":71,"column":24}},{"start":{"line":72,"column":2},"end":{"line":73,"column":29}},{"start":{"line":74,"column":2},"end":{"line":75,"column":27}},{"start":{"line":76,"column":2},"end":{"line":77,"column":31}},{"start":{"line":78,"column":2},"end":{"line":79,"column":20}}]}},"s":{"0":4,"1":63,"2":63,"3":63,"4":63,"5":4,"6":4,"7":4,"8":4,"9":4,"10":4,"11":0,"12":0,"13":0,"14":0,"15":0,"16":0,"17":4},"f":{"0":63,"1":4,"2":0},"b":{"0":[38],"1":[38],"2":[4,4],"3":[0,0,0,0,0]}}
,"C:\\Users\\Lilly\\OneDrive\\Desktop\\Test\\.obsidian\\plugins\\Flashly-\\src\\parser\\flashcard-parser.ts": {"path":"C:\\Users\\Lilly\\OneDrive\\Desktop\\Test\\.obsidian\\plugins\\Flashly-\\src\\parser\\flashcard-parser.ts","statementMap":{"0":{"start":{"line":2,"column":0},"end":{"line":2,"column":69}},"1":{"start":{"line":3,"column":0},"end":{"line":3,"column":69}},"2":{"start":{"line":24,"column":10},"end":{"line":24,"column":43}},"3":{"start":{"line":25,"column":10},"end":{"line":25,"column":18}},"4":{"start":{"line":27,"column":2},"end":{"line":27,"column":56}},"5":{"start":{"line":28,"column":2},"end":{"line":28,"column":61}},"6":{"start":{"line":37,"column":31},"end":{"line":37,"column":33}},"7":{"start":{"line":40,"column":2},"end":{"line":43,"column":null}},"8":{"start":{"line":41,"column":23},"end":{"line":41,"column":58}},"9":{"start":{"line":42,"column":3},"end":{"line":42,"column":30}},"10":{"start":{"line":46,"column":2},"end":{"line":59,"column":null}},"11":{"start":{"line":51,"column":4},"end":{"line":52,"column":44}},"12":{"start":{"line":54,"column":3},"end":{"line":58,"column":null}},"13":{"start":{"line":55,"column":20},"end":{"line":55,"column":51}},"14":{"start":{"line":56,"column":24},"end":{"line":56,"column":67}},"15":{"start":{"line":57,"column":4},"end":{"line":57,"column":31}},"16":{"start":{"line":62,"column":2},"end":{"line":62,"column":33}},"17":{"start":{"line":70,"column":16},"end":{"line":70,"column":49}},"18":{"start":{"line":71,"column":34},"end":{"line":71,"column":36}},"19":{"start":{"line":73,"column":2},"end":{"line":76,"column":null}},"20":{"start":{"line":74,"column":17},"end":{"line":74,"column":43}},"21":{"start":{"line":75,"column":3},"end":{"line":75,"column":27}},"22":{"start":{"line":78,"column":2},"end":{"line":78,"column":18}},"23":{"start":{"line":87,"column":34},"end":{"line":87,"column":36}},"24":{"start":{"line":89,"column":2},"end":{"line":92,"column":null}},"25":{"start":{"line":90,"column":17},"end":{"line":90,"column":43}},"26":{"start":{"line":91,"column":3},"end":{"line":91,"column":27}},"27":{"start":{"line":94,"column":2},"end":{"line":94,"column":18}},"28":{"start":{"line":101,"column":15},"end":{"line":101,"column":32}},"29":{"start":{"line":102,"column":32},"end":{"line":102,"column":34}},"30":{"start":{"line":104,"column":2},"end":{"line":109,"column":null}},"31":{"start":{"line":105,"column":3},"end":{"line":108,"column":null}},"32":{"start":{"line":106,"column":4},"end":{"line":106,"column":22}},"33":{"start":{"line":107,"column":4},"end":{"line":107,"column":22}},"34":{"start":{"line":111,"column":2},"end":{"line":111,"column":16}},"35":{"start":{"line":118,"column":16},"end":{"line":118,"column":42}},"36":{"start":{"line":120,"column":30},"end":{"line":126,"column":4}},"37":{"start":{"line":124,"column":42},"end":{"line":124,"column":56}},"38":{"start":{"line":125,"column":43},"end":{"line":125,"column":49}},"39":{"start":{"line":130,"column":2},"end":{"line":137,"column":null}},"40":{"start":{"line":132,"column":3},"end":{"line":136,"column":null}},"41":{"start":{"line":133,"column":4},"end":{"line":133,"column":24}},"42":{"start":{"line":135,"column":4},"end":{"line":135,"column":24}},"43":{"start":{"line":139,"column":2},"end":{"line":139,"column":15}},"44":{"start":{"line":19,"column":0},"end":{"line":19,"column":13}},"45":{"start":{"line":155,"column":1},"end":{"line":175,"column":3}},"46":{"start":{"line":154,"column":0},"end":{"line":154,"column":16}}},"fnMap":{"0":{"name":"(anonymous_0)","decl":{"start":{"line":23,"column":1},"end":{"line":23,"column":null}},"loc":{"start":{"line":25,"column":18},"end":{"line":29,"column":2}}},"1":{"name":"(anonymous_1)","decl":{"start":{"line":36,"column":7},"end":{"line":36,"column":16}},"loc":{"start":{"line":36,"column":28},"end":{"line":63,"column":null}}},"2":{"name":"(anonymous_3)","decl":{"start":{"line":69,"column":7},"end":{"line":69,"column":17}},"loc":{"start":{"line":69,"column":17},"end":{"line":79,"column":null}}},"3":{"name":"(anonymous_5)","decl":{"start":{"line":86,"column":7},"end":{"line":86,"column":17}},"loc":{"start":{"line":86,"column":32},"end":{"line":95,"column":null}}},"4":{"name":"(anonymous_7)","decl":{"start":{"line":100,"column":9},"end":{"line":100,"column":20}},"loc":{"start":{"line":100,"column":41},"end":{"line":112,"column":2}}},"5":{"name":"(anonymous_8)","decl":{"start":{"line":117,"column":7},"end":{"line":117,"column":22}},"loc":{"start":{"line":117,"column":34},"end":{"line":140,"column":null}}},"6":{"name":"(anonymous_10)","decl":{"start":{"line":124,"column":37},"end":{"line":124,"column":38}},"loc":{"start":{"line":124,"column":42},"end":{"line":124,"column":56}}},"7":{"name":"(anonymous_11)","decl":{"start":{"line":125,"column":38},"end":{"line":125,"column":39}},"loc":{"start":{"line":125,"column":43},"end":{"line":125,"column":49}}},"8":{"name":"createDefaultParserSettings","decl":{"start":{"line":154,"column":16},"end":{"line":154,"column":43}},"loc":{"start":{"line":154,"column":43},"end":{"line":176,"column":1}}}},"branchMap":{"0":{"loc":{"start":{"line":40,"column":2},"end":{"line":43,"column":null}},"type":"if","locations":[{"start":{"line":40,"column":2},"end":{"line":43,"column":null}},{"start":{},"end":{}}]},"1":{"loc":{"start":{"line":46,"column":2},"end":{"line":59,"column":null}},"type":"if","locations":[{"start":{"line":46,"column":2},"end":{"line":59,"column":null}},{"start":{},"end":{}}]},"2":{"loc":{"start":{"line":51,"column":4},"end":{"line":52,"column":44}},"type":"binary-expr","locations":[{"start":{"line":51,"column":4},"end":{"line":51,"column":30}},{"start":{"line":52,"column":4},"end":{"line":52,"column":44}}]},"3":{"loc":{"start":{"line":54,"column":3},"end":{"line":58,"column":null}},"type":"if","locations":[{"start":{"line":54,"column":3},"end":{"line":58,"column":null}},{"start":{},"end":{}}]},"4":{"loc":{"start":{"line":105,"column":3},"end":{"line":108,"column":null}},"type":"if","locations":[{"start":{"line":105,"column":3},"end":{"line":108,"column":null}},{"start":{},"end":{}}]},"5":{"loc":{"start":{"line":132,"column":3},"end":{"line":136,"column":null}},"type":"if","locations":[{"start":{"line":132,"column":3},"end":{"line":136,"column":null}},{"start":{"line":134,"column":10},"end":{"line":136,"column":null}}]}},"s":{"0":1,"1":1,"2":14,"3":14,"4":14,"5":14,"6":12,"7":12,"8":12,"9":12,"10":12,"11":12,"12":12,"13":12,"14":10,"15":10,"16":10,"17":0,"18":0,"19":0,"20":0,"21":0,"22":0,"23":0,"24":0,"25":0,"26":0,"27":0,"28":10,"29":10,"30":10,"31":11,"32":11,"33":11,"34":10,"35":0,"36":0,"37":0,"38":0,"39":0,"40":0,"41":0,"42":0,"43":0,"44":1,"45":0,"46":1},"f":{"0":14,"1":12,"2":0,"3":0,"4":10,"5":0,"6":0,"7":0,"8":0},"b":{"0":[12,0],"1":[12,0],"2":[12,0],"3":[12,0],"4":[11,0],"5":[0,0]}}
,"C:\\Users\\Lilly\\OneDrive\\Desktop\\Test\\.obsidian\\plugins\\Flashly-\\src\\parser\\header-parser.ts": {"path":"C:\\Users\\Lilly\\OneDrive\\Desktop\\Test\\.obsidian\\plugins\\Flashly-\\src\\parser\\header-parser.ts","statementMap":{"0":{"start":{"line":1,"column":0},"end":{"line":1,"column":64}},"1":{"start":{"line":2,"column":0},"end":{"line":2,"column":42}},"2":{"start":{"line":32,"column":10},"end":{"line":32,"column":40}},"3":{"start":{"line":33,"column":10},"end":{"line":33,"column":18}},"4":{"start":{"line":40,"column":19},"end":{"line":40,"column":60}},"5":{"start":{"line":41,"column":2},"end":{"line":41,"column":49}},"6":{"start":{"line":41,"column":36},"end":{"line":41,"column":49}},"7":{"start":{"line":44,"column":15},"end":{"line":46,"column":32}},"8":{"start":{"line":49,"column":2},"end":{"line":53,"column":4}},"9":{"start":{"line":50,"column":3},"end":{"line":51,"column":null}},"10":{"start":{"line":51,"column":4},"end":{"line":51,"column":48}},"11":{"start":{"line":60,"column":2},"end":{"line":92,"column":null}},"12":{"start":{"line":61,"column":33},"end":{"line":61,"column":37}},"13":{"start":{"line":63,"column":3},"end":{"line":89,"column":null}},"14":{"start":{"line":65,"column":5},"end":{"line":65,"column":43}},"15":{"start":{"line":66,"column":5},"end":{"line":66,"column":11}},"16":{"start":{"line":69,"column":5},"end":{"line":83,"column":null}},"17":{"start":{"line":70,"column":19},"end":{"line":72,"column":36}},"18":{"start":{"line":74,"column":6},"end":{"line":82,"column":null}},"19":{"start":{"line":75,"column":7},"end":{"line":80,"column":null}},"20":{"start":{"line":76,"column":8},"end":{"line":79,"column":null}},"21":{"start":{"line":77,"column":9},"end":{"line":77,"column":52}},"22":{"start":{"line":78,"column":9},"end":{"line":78,"column":15}},"23":{"start":{"line":81,"column":7},"end":{"line":81,"column":27}},"24":{"start":{"line":81,"column":21},"end":{"line":81,"column":27}},"25":{"start":{"line":84,"column":5},"end":{"line":84,"column":11}},"26":{"start":{"line":87,"column":5},"end":{"line":87,"column":30}},"27":{"start":{"line":88,"column":5},"end":{"line":88,"column":11}},"28":{"start":{"line":91,"column":3},"end":{"line":91,"column":33}},"29":{"start":{"line":91,"column":17},"end":{"line":91,"column":33}},"30":{"start":{"line":95,"column":2},"end":{"line":95,"column":23}},"31":{"start":{"line":102,"column":2},"end":{"line":104,"column":null}},"32":{"start":{"line":103,"column":3},"end":{"line":103,"column":13}},"33":{"start":{"line":106,"column":18},"end":{"line":106,"column":49}},"34":{"start":{"line":107,"column":19},"end":{"line":107,"column":60}},"35":{"start":{"line":108,"column":2},"end":{"line":108,"column":27}},"36":{"start":{"line":108,"column":17},"end":{"line":108,"column":27}},"37":{"start":{"line":110,"column":19},"end":{"line":110,"column":51}},"38":{"start":{"line":111,"column":15},"end":{"line":111,"column":41}},"39":{"start":{"line":113,"column":16},"end":{"line":113,"column":35}},"40":{"start":{"line":114,"column":18},"end":{"line":114,"column":44}},"41":{"start":{"line":115,"column":31},"end":{"line":115,"column":33}},"42":{"start":{"line":117,"column":2},"end":{"line":150,"column":null}},"43":{"start":{"line":117,"column":15},"end":{"line":117,"column":16}},"44":{"start":{"line":118,"column":18},"end":{"line":118,"column":28}},"45":{"start":{"line":121,"column":3},"end":{"line":123,"column":null}},"46":{"start":{"line":122,"column":4},"end":{"line":122,"column":13}},"47":{"start":{"line":125,"column":22},"end":{"line":125,"column":36}},"48":{"start":{"line":126,"column":21},"end":{"line":126,"column":70}},"49":{"start":{"line":128,"column":18},"end":{"line":131,"column":null}},"50":{"start":{"line":135,"column":3},"end":{"line":149,"column":null}},"51":{"start":{"line":136,"column":21},"end":{"line":136,"column":48}},"52":{"start":{"line":138,"column":17},"end":{"line":145,"column":null}},"53":{"start":{"line":148,"column":4},"end":{"line":148,"column":21}},"54":{"start":{"line":152,"column":2},"end":{"line":152,"column":15}},"55":{"start":{"line":159,"column":28},"end":{"line":159,"column":30}},"56":{"start":{"line":160,"column":20},"end":{"line":160,"column":25}},"57":{"start":{"line":162,"column":2},"end":{"line":195,"column":null}},"58":{"start":{"line":162,"column":15},"end":{"line":162,"column":16}},"59":{"start":{"line":163,"column":16},"end":{"line":163,"column":24}},"60":{"start":{"line":166,"column":3},"end":{"line":169,"column":null}},"61":{"start":{"line":167,"column":4},"end":{"line":167,"column":31}},"62":{"start":{"line":168,"column":4},"end":{"line":168,"column":13}},"63":{"start":{"line":171,"column":3},"end":{"line":171,"column":29}},"64":{"start":{"line":171,"column":20},"end":{"line":171,"column":29}},"65":{"start":{"line":174,"column":3},"end":{"line":179,"column":null}},"66":{"start":{"line":175,"column":21},"end":{"line":175,"column":40}},"67":{"start":{"line":176,"column":4},"end":{"line":178,"column":null}},"68":{"start":{"line":177,"column":5},"end":{"line":177,"column":14}},"69":{"start":{"line":182,"column":17},"end":{"line":182,"column":48}},"70":{"start":{"line":183,"column":3},"end":{"line":194,"column":null}},"71":{"start":{"line":184,"column":18},"end":{"line":184,"column":33}},"72":{"start":{"line":187,"column":4},"end":{"line":193,"column":null}},"73":{"start":{"line":188,"column":5},"end":{"line":192,"column":8}},"74":{"start":{"line":197,"column":2},"end":{"line":197,"column":17}},"75":{"start":{"line":208,"column":32},"end":{"line":208,"column":34}},"76":{"start":{"line":210,"column":2},"end":{"line":225,"column":null}},"77":{"start":{"line":210,"column":15},"end":{"line":210,"column":24}},"78":{"start":{"line":211,"column":16},"end":{"line":211,"column":24}},"79":{"start":{"line":214,"column":3},"end":{"line":222,"column":null}},"80":{"start":{"line":215,"column":4},"end":{"line":217,"column":null}},"81":{"start":{"line":216,"column":5},"end":{"line":216,"column":11}},"82":{"start":{"line":218,"column":10},"end":{"line":222,"column":null}},"83":{"start":{"line":219,"column":4},"end":{"line":221,"column":null}},"84":{"start":{"line":220,"column":5},"end":{"line":220,"column":11}},"85":{"start":{"line":224,"column":3},"end":{"line":224,"column":26}},"86":{"start":{"line":227,"column":2},"end":{"line":227,"column":39}},"87":{"start":{"line":234,"column":25},"end":{"line":234,"column":27}},"88":{"start":{"line":237,"column":2},"end":{"line":242,"column":null}},"89":{"start":{"line":238,"column":18},"end":{"line":240,"column":33}},"90":{"start":{"line":241,"column":3},"end":{"line":241,"column":24}},"91":{"start":{"line":245,"column":2},"end":{"line":247,"column":null}},"92":{"start":{"line":246,"column":3},"end":{"line":246,"column":47}},"93":{"start":{"line":246,"column":39},"end":{"line":246,"column":44}},"94":{"start":{"line":249,"column":2},"end":{"line":249,"column":28}},"95":{"start":{"line":30,"column":0},"end":{"line":30,"column":13}},"96":{"start":{"line":261,"column":47},"end":{"line":271,"column":3}},"97":{"start":{"line":273,"column":16},"end":{"line":273,"column":74}},"98":{"start":{"line":274,"column":1},"end":{"line":274,"column":27}},"99":{"start":{"line":256,"column":0},"end":{"line":256,"column":22}}},"fnMap":{"0":{"name":"(anonymous_0)","decl":{"start":{"line":31,"column":1},"end":{"line":31,"column":null}},"loc":{"start":{"line":33,"column":18},"end":{"line":34,"column":5}}},"1":{"name":"(anonymous_1)","decl":{"start":{"line":39,"column":1},"end":{"line":39,"column":16}},"loc":{"start":{"line":39,"column":28},"end":{"line":54,"column":2}}},"2":{"name":"(anonymous_2)","decl":{"start":{"line":49,"column":19},"end":{"line":49,"column":20}},"loc":{"start":{"line":50,"column":3},"end":{"line":51,"column":null}}},"3":{"name":"(anonymous_3)","decl":{"start":{"line":50,"column":36},"end":{"line":50,"column":41}},"loc":{"start":{"line":51,"column":4},"end":{"line":51,"column":48}}},"4":{"name":"(anonymous_4)","decl":{"start":{"line":59,"column":1},"end":{"line":59,"column":12}},"loc":{"start":{"line":59,"column":50},"end":{"line":96,"column":2}}},"5":{"name":"(anonymous_5)","decl":{"start":{"line":101,"column":7},"end":{"line":101,"column":12}},"loc":{"start":{"line":101,"column":24},"end":{"line":153,"column":null}}},"6":{"name":"(anonymous_7)","decl":{"start":{"line":158,"column":9},"end":{"line":158,"column":23}},"loc":{"start":{"line":158,"column":39},"end":{"line":198,"column":2}}},"7":{"name":"(anonymous_8)","decl":{"start":{"line":203,"column":9},"end":{"line":203,"column":22}},"loc":{"start":{"line":206,"column":17},"end":{"line":228,"column":2}}},"8":{"name":"(anonymous_9)","decl":{"start":{"line":233,"column":9},"end":{"line":233,"column":20}},"loc":{"start":{"line":233,"column":45},"end":{"line":250,"column":2}}},"9":{"name":"(anonymous_10)","decl":{"start":{"line":246,"column":34},"end":{"line":246,"column":35}},"loc":{"start":{"line":246,"column":39},"end":{"line":246,"column":44}}},"10":{"name":"parseHeaderFlashcards","decl":{"start":{"line":256,"column":22},"end":{"line":256,"column":43}},"loc":{"start":{"line":259,"column":41},"end":{"line":275,"column":null}}}},"branchMap":{"0":{"loc":{"start":{"line":41,"column":2},"end":{"line":41,"column":49}},"type":"if","locations":[{"start":{"line":41,"column":2},"end":{"line":41,"column":49}},{"start":{},"end":{}}]},"1":{"loc":{"start":{"line":41,"column":7},"end":{"line":41,"column":34}},"type":"cond-expr","locations":[{"start":{"line":41,"column":28},"end":{"line":41,"column":30}},{"start":{"line":41,"column":28},"end":{"line":41,"column":34}}]},"2":{"loc":{"start":{"line":41,"column":7},"end":{"line":41,"column":30}},"type":"binary-expr","locations":[{"start":{"line":41,"column":7},"end":{"line":41,"column":30}},{"start":{"line":41,"column":28},"end":{"line":41,"column":30}}]},"3":{"loc":{"start":{"line":41,"column":7},"end":{"line":41,"column":28}},"type":"cond-expr","locations":[{"start":{"line":41,"column":15},"end":{"line":41,"column":17}},{"start":{"line":41,"column":7},"end":{"line":41,"column":28}}]},"4":{"loc":{"start":{"line":41,"column":7},"end":{"line":41,"column":17}},"type":"binary-expr","locations":[{"start":{"line":41,"column":7},"end":{"line":41,"column":17}},{"start":{"line":41,"column":7},"end":{"line":41,"column":17}}]},"5":{"loc":{"start":{"line":44,"column":15},"end":{"line":46,"column":32}},"type":"cond-expr","locations":[{"start":{"line":45,"column":5},"end":{"line":45,"column":30}},{"start":{"line":46,"column":5},"end":{"line":46,"column":32}}]},"6":{"loc":{"start":{"line":51,"column":4},"end":{"line":51,"column":48}},"type":"binary-expr","locations":[{"start":{"line":51,"column":4},"end":{"line":51,"column":17}},{"start":{"line":51,"column":21},"end":{"line":51,"column":48}}]},"7":{"loc":{"start":{"line":63,"column":3},"end":{"line":89,"column":null}},"type":"switch","locations":[{"start":{"line":64,"column":4},"end":{"line":66,"column":11}},{"start":{"line":68,"column":4},"end":{"line":84,"column":11}},{"start":{"line":86,"column":4},"end":{"line":88,"column":11}}]},"8":{"loc":{"start":{"line":65,"column":16},"end":{"line":65,"column":42}},"type":"cond-expr","locations":[{"start":{"line":65,"column":36},"end":{"line":65,"column":38}},{"start":{"line":65,"column":36},"end":{"line":65,"column":42}}]},"9":{"loc":{"start":{"line":65,"column":16},"end":{"line":65,"column":38}},"type":"binary-expr","locations":[{"start":{"line":65,"column":16},"end":{"line":65,"column":38}},{"start":{"line":65,"column":36},"end":{"line":65,"column":38}}]},"10":{"loc":{"start":{"line":69,"column":5},"end":{"line":83,"column":null}},"type":"if","locations":[{"start":{"line":69,"column":5},"end":{"line":83,"column":null}},{"start":{},"end":{}}]},"11":{"loc":{"start":{"line":69,"column":9},"end":{"line":69,"column":65}},"type":"binary-expr","locations":[{"start":{"line":69,"column":9},"end":{"line":69,"column":33}},{"start":{"line":69,"column":37},"end":{"line":69,"column":63}}]},"12":{"loc":{"start":{"line":69,"column":37},"end":{"line":69,"column":63}},"type":"cond-expr","locations":[{"start":{"line":69,"column":57},"end":{"line":69,"column":59}},{"start":{"line":69,"column":57},"end":{"line":69,"column":63}}]},"13":{"loc":{"start":{"line":69,"column":37},"end":{"line":69,"column":59}},"type":"binary-expr","locations":[{"start":{"line":69,"column":37},"end":{"line":69,"column":59}},{"start":{"line":69,"column":57},"end":{"line":69,"column":59}}]},"14":{"loc":{"start":{"line":70,"column":19},"end":{"line":72,"column":36}},"type":"cond-expr","locations":[{"start":{"line":71,"column":9},"end":{"line":71,"column":34}},{"start":{"line":72,"column":9},"end":{"line":72,"column":36}}]},"15":{"loc":{"start":{"line":76,"column":8},"end":{"line":79,"column":null}},"type":"if","locations":[{"start":{"line":76,"column":8},"end":{"line":79,"column":null}},{"start":{},"end":{}}]},"16":{"loc":{"start":{"line":81,"column":7},"end":{"line":81,"column":27}},"type":"if","locations":[{"start":{"line":81,"column":7},"end":{"line":81,"column":27}},{"start":{},"end":{}}]},"17":{"loc":{"start":{"line":91,"column":3},"end":{"line":91,"column":33}},"type":"if","locations":[{"start":{"line":91,"column":3},"end":{"line":91,"column":33}},{"start":{},"end":{}}]},"18":{"loc":{"start":{"line":102,"column":2},"end":{"line":104,"column":null}},"type":"if","locations":[{"start":{"line":102,"column":2},"end":{"line":104,"column":null}},{"start":{},"end":{}}]},"19":{"loc":{"start":{"line":108,"column":2},"end":{"line":108,"column":27}},"type":"if","locations":[{"start":{"line":108,"column":2},"end":{"line":108,"column":27}},{"start":{},"end":{}}]},"20":{"loc":{"start":{"line":121,"column":3},"end":{"line":123,"column":null}},"type":"if","locations":[{"start":{"line":121,"column":3},"end":{"line":123,"column":null}},{"start":{},"end":{}}]},"21":{"loc":{"start":{"line":126,"column":21},"end":{"line":126,"column":70}},"type":"cond-expr","locations":[{"start":{"line":126,"column":34},"end":{"line":126,"column":55}},{"start":{"line":126,"column":58},"end":{"line":126,"column":70}}]},"22":{"loc":{"start":{"line":135,"column":3},"end":{"line":149,"column":null}},"type":"if","locations":[{"start":{"line":135,"column":3},"end":{"line":149,"column":null}},{"start":{},"end":{}}]},"23":{"loc":{"start":{"line":135,"column":7},"end":{"line":135,"column":54}},"type":"binary-expr","locations":[{"start":{"line":135,"column":7},"end":{"line":135,"column":20}},{"start":{"line":135,"column":24},"end":{"line":135,"column":54}}]},"24":{"loc":{"start":{"line":166,"column":3},"end":{"line":169,"column":null}},"type":"if","locations":[{"start":{"line":166,"column":3},"end":{"line":169,"column":null}},{"start":{},"end":{}}]},"25":{"loc":{"start":{"line":171,"column":3},"end":{"line":171,"column":29}},"type":"if","locations":[{"start":{"line":171,"column":3},"end":{"line":171,"column":29}},{"start":{},"end":{}}]},"26":{"loc":{"start":{"line":174,"column":3},"end":{"line":179,"column":null}},"type":"if","locations":[{"start":{"line":174,"column":3},"end":{"line":179,"column":null}},{"start":{},"end":{}}]},"27":{"loc":{"start":{"line":174,"column":7},"end":{"line":174,"column":45}},"type":"binary-expr","locations":[{"start":{"line":174,"column":7},"end":{"line":174,"column":36}},{"start":{"line":174,"column":40},"end":{"line":174,"column":45}}]},"28":{"loc":{"start":{"line":176,"column":4},"end":{"line":178,"column":null}},"type":"if","locations":[{"start":{"line":176,"column":4},"end":{"line":178,"column":null}},{"start":{},"end":{}}]},"29":{"loc":{"start":{"line":183,"column":3},"end":{"line":194,"column":null}},"type":"if","locations":[{"start":{"line":183,"column":3},"end":{"line":194,"column":null}},{"start":{},"end":{}}]},"30":{"loc":{"start":{"line":187,"column":4},"end":{"line":193,"column":null}},"type":"if","locations":[{"start":{"line":187,"column":4},"end":{"line":193,"column":null}},{"start":{},"end":{}}]},"31":{"loc":{"start":{"line":214,"column":3},"end":{"line":222,"column":null}},"type":"if","locations":[{"start":{"line":214,"column":3},"end":{"line":222,"column":null}},{"start":{"line":218,"column":10},"end":{"line":222,"column":null}}]},"32":{"loc":{"start":{"line":215,"column":4},"end":{"line":217,"column":null}},"type":"if","locations":[{"start":{"line":215,"column":4},"end":{"line":217,"column":null}},{"start":{},"end":{}}]},"33":{"loc":{"start":{"line":215,"column":8},"end":{"line":215,"column":52}},"type":"binary-expr","locations":[{"start":{"line":215,"column":8},"end":{"line":215,"column":26}},{"start":{"line":215,"column":30},"end":{"line":215,"column":52}}]},"34":{"loc":{"start":{"line":218,"column":10},"end":{"line":222,"column":null}},"type":"if","locations":[{"start":{"line":218,"column":10},"end":{"line":222,"column":null}},{"start":{},"end":{}}]},"35":{"loc":{"start":{"line":219,"column":4},"end":{"line":221,"column":null}},"type":"if","locations":[{"start":{"line":219,"column":4},"end":{"line":221,"column":null}},{"start":{},"end":{}}]},"36":{"loc":{"start":{"line":237,"column":2},"end":{"line":242,"column":null}},"type":"if","locations":[{"start":{"line":237,"column":2},"end":{"line":242,"column":null}},{"start":{},"end":{}}]},"37":{"loc":{"start":{"line":237,"column":6},"end":{"line":237,"column":32}},"type":"cond-expr","locations":[{"start":{"line":237,"column":26},"end":{"line":237,"column":28}},{"start":{"line":237,"column":26},"end":{"line":237,"column":32}}]},"38":{"loc":{"start":{"line":237,"column":6},"end":{"line":237,"column":28}},"type":"binary-expr","locations":[{"start":{"line":237,"column":6},"end":{"line":237,"column":28}},{"start":{"line":237,"column":26},"end":{"line":237,"column":28}}]},"39":{"loc":{"start":{"line":238,"column":18},"end":{"line":240,"column":33}},"type":"cond-expr","locations":[{"start":{"line":239,"column":6},"end":{"line":239,"column":31}},{"start":{"line":240,"column":6},"end":{"line":240,"column":33}}]},"40":{"loc":{"start":{"line":245,"column":2},"end":{"line":247,"column":null}},"type":"if","locations":[{"start":{"line":245,"column":2},"end":{"line":247,"column":null}},{"start":{},"end":{}}]}},"s":{"0":2,"1":2,"2":42,"3":42,"4":31,"5":31,"6":13,"7":18,"8":18,"9":19,"10":19,"11":17,"12":30,"13":30,"14":15,"15":15,"16":1,"17":1,"18":1,"19":1,"20":1,"21":1,"22":1,"23":1,"24":1,"25":1,"26":14,"27":14,"28":30,"29":17,"30":0,"31":26,"32":13,"33":13,"34":13,"35":13,"36":0,"37":13,"38":13,"39":13,"40":13,"41":13,"42":13,"43":13,"44":26,"45":26,"46":0,"47":26,"48":26,"49":26,"50":26,"51":25,"52":25,"53":25,"54":13,"55":13,"56":13,"57":13,"58":13,"59":79,"60":79,"61":2,"62":2,"63":77,"64":1,"65":76,"66":63,"67":63,"68":2,"69":74,"70":74,"71":28,"72":28,"73":26,"74":13,"75":26,"76":26,"77":26,"78":47,"79":47,"80":0,"81":0,"82":47,"83":0,"84":0,"85":47,"86":26,"87":13,"88":13,"89":13,"90":13,"91":13,"92":13,"93":0,"94":13,"95":2,"96":0,"97":0,"98":0,"99":2},"f":{"0":42,"1":31,"2":19,"3":19,"4":17,"5":26,"6":13,"7":26,"8":13,"9":0,"10":0},"b":{"0":[13,18],"1":[12,19],"2":[31,31],"3":[12,19],"4":[31,19],"5":[17,1],"6":[19,4],"7":[15,1,14],"8":[0,15],"9":[15,15],"10":[1,0],"11":[1,1],"12":[0,1],"13":[1,1],"14":[1,0],"15":[1,0],"16":[1,0],"17":[17,13],"18":[13,13],"19":[0,13],"20":[0,26],"21":[13,13],"22":[25,1],"23":[26,11],"24":[2,77],"25":[1,76],"26":[63,13],"27":[76,76],"28":[2,61],"29":[28,46],"30":[26,2],"31":[0,47],"32":[0,0],"33":[0,0],"34":[0,47],"35":[0,0],"36":[13,0],"37":[0,13],"38":[13,13],"39":[13,0],"40":[13,0]}}
,"C:\\Users\\Lilly\\OneDrive\\Desktop\\Test\\.obsidian\\plugins\\Flashly-\\src\\parser\\inline-parser.ts": {"path":"C:\\Users\\Lilly\\OneDrive\\Desktop\\Test\\.obsidian\\plugins\\Flashly-\\src\\parser\\inline-parser.ts","statementMap":{"0":{"start":{"line":1,"column":0},"end":{"line":1,"column":64}},"1":{"start":{"line":2,"column":0},"end":{"line":2,"column":42}},"2":{"start":{"line":20,"column":21},"end":{"line":20,"column":51}},"3":{"start":{"line":29,"column":31},"end":{"line":29,"column":33}},"4":{"start":{"line":30,"column":16},"end":{"line":30,"column":35}},"5":{"start":{"line":33,"column":20},"end":{"line":33,"column":25}},"6":{"start":{"line":34,"column":10},"end":{"line":34,"column":11}},"7":{"start":{"line":36,"column":2},"end":{"line":89,"column":null}},"8":{"start":{"line":37,"column":16},"end":{"line":37,"column":24}},"9":{"start":{"line":40,"column":3},"end":{"line":44,"column":null}},"10":{"start":{"line":41,"column":4},"end":{"line":41,"column":31}},"11":{"start":{"line":42,"column":4},"end":{"line":42,"column":8}},"12":{"start":{"line":43,"column":4},"end":{"line":43,"column":13}},"13":{"start":{"line":47,"column":3},"end":{"line":50,"column":null}},"14":{"start":{"line":48,"column":4},"end":{"line":48,"column":8}},"15":{"start":{"line":49,"column":4},"end":{"line":49,"column":13}},"16":{"start":{"line":52,"column":23},"end":{"line":52,"column":34}},"17":{"start":{"line":55,"column":3},"end":{"line":58,"column":null}},"18":{"start":{"line":56,"column":4},"end":{"line":56,"column":8}},"19":{"start":{"line":57,"column":4},"end":{"line":57,"column":13}},"20":{"start":{"line":61,"column":3},"end":{"line":68,"column":null}},"21":{"start":{"line":62,"column":19},"end":{"line":62,"column":56}},"22":{"start":{"line":63,"column":4},"end":{"line":67,"column":null}},"23":{"start":{"line":64,"column":5},"end":{"line":64,"column":24}},"24":{"start":{"line":65,"column":5},"end":{"line":65,"column":9}},"25":{"start":{"line":66,"column":5},"end":{"line":66,"column":14}},"26":{"start":{"line":71,"column":3},"end":{"line":78,"column":null}},"27":{"start":{"line":72,"column":19},"end":{"line":72,"column":60}},"28":{"start":{"line":73,"column":4},"end":{"line":77,"column":null}},"29":{"start":{"line":74,"column":5},"end":{"line":74,"column":29}},"30":{"start":{"line":75,"column":5},"end":{"line":75,"column":25}},"31":{"start":{"line":76,"column":5},"end":{"line":76,"column":14}},"32":{"start":{"line":81,"column":3},"end":{"line":86,"column":null}},"33":{"start":{"line":82,"column":23},"end":{"line":82,"column":63}},"34":{"start":{"line":83,"column":4},"end":{"line":85,"column":null}},"35":{"start":{"line":84,"column":5},"end":{"line":84,"column":31}},"36":{"start":{"line":88,"column":3},"end":{"line":88,"column":7}},"37":{"start":{"line":91,"column":2},"end":{"line":91,"column":15}},"38":{"start":{"line":100,"column":2},"end":{"line":102,"column":null}},"39":{"start":{"line":101,"column":3},"end":{"line":101,"column":15}},"40":{"start":{"line":106,"column":26},"end":{"line":106,"column":28}},"41":{"start":{"line":107,"column":16},"end":{"line":107,"column":18}},"42":{"start":{"line":108,"column":10},"end":{"line":108,"column":11}},"43":{"start":{"line":110,"column":2},"end":{"line":130,"column":null}},"44":{"start":{"line":111,"column":3},"end":{"line":129,"column":null}},"45":{"start":{"line":113,"column":4},"end":{"line":125,"column":null}},"46":{"start":{"line":115,"column":5},"end":{"line":115,"column":43}},"47":{"start":{"line":116,"column":5},"end":{"line":116,"column":12}},"48":{"start":{"line":119,"column":5},"end":{"line":119,"column":25}},"49":{"start":{"line":120,"column":5},"end":{"line":120,"column":18}},"50":{"start":{"line":121,"column":5},"end":{"line":121,"column":12}},"51":{"start":{"line":123,"column":5},"end":{"line":123,"column":31}},"52":{"start":{"line":124,"column":5},"end":{"line":124,"column":11}},"53":{"start":{"line":127,"column":4},"end":{"line":127,"column":23}},"54":{"start":{"line":128,"column":4},"end":{"line":128,"column":8}},"55":{"start":{"line":133,"column":2},"end":{"line":135,"column":null}},"56":{"start":{"line":134,"column":3},"end":{"line":134,"column":15}},"57":{"start":{"line":137,"column":16},"end":{"line":137,"column":31}},"58":{"start":{"line":138,"column":15},"end":{"line":138,"column":30}},"59":{"start":{"line":141,"column":2},"end":{"line":143,"column":null}},"60":{"start":{"line":142,"column":3},"end":{"line":142,"column":15}},"61":{"start":{"line":146,"column":2},"end":{"line":148,"column":null}},"62":{"start":{"line":147,"column":3},"end":{"line":147,"column":15}},"63":{"start":{"line":151,"column":19},"end":{"line":151,"column":46}},"64":{"start":{"line":154,"column":2},"end":{"line":160,"column":4}},"65":{"start":{"line":175,"column":19},"end":{"line":175,"column":43}},"66":{"start":{"line":176,"column":21},"end":{"line":176,"column":35}},"67":{"start":{"line":179,"column":2},"end":{"line":181,"column":null}},"68":{"start":{"line":180,"column":3},"end":{"line":180,"column":51}},"69":{"start":{"line":184,"column":32},"end":{"line":184,"column":34}},"70":{"start":{"line":185,"column":10},"end":{"line":185,"column":24}},"71":{"start":{"line":188,"column":2},"end":{"line":215,"column":null}},"72":{"start":{"line":189,"column":16},"end":{"line":189,"column":31}},"73":{"start":{"line":192,"column":3},"end":{"line":194,"column":null}},"74":{"start":{"line":193,"column":4},"end":{"line":193,"column":10}},"75":{"start":{"line":197,"column":3},"end":{"line":199,"column":null}},"76":{"start":{"line":198,"column":4},"end":{"line":198,"column":10}},"77":{"start":{"line":202,"column":3},"end":{"line":204,"column":null}},"78":{"start":{"line":203,"column":4},"end":{"line":203,"column":10}},"79":{"start":{"line":207,"column":3},"end":{"line":212,"column":null}},"80":{"start":{"line":208,"column":4},"end":{"line":208,"column":27}},"81":{"start":{"line":209,"column":10},"end":{"line":212,"column":null}},"82":{"start":{"line":211,"column":4},"end":{"line":211,"column":25}},"83":{"start":{"line":214,"column":3},"end":{"line":214,"column":7}},"84":{"start":{"line":218,"column":15},"end":{"line":218,"column":44}},"85":{"start":{"line":221,"column":2},"end":{"line":223,"column":null}},"86":{"start":{"line":222,"column":3},"end":{"line":222,"column":38}},"87":{"start":{"line":226,"column":19},"end":{"line":226,"column":46}},"88":{"start":{"line":229,"column":15},"end":{"line":234,"column":null}},"89":{"start":{"line":237,"column":2},"end":{"line":237,"column":31}},"90":{"start":{"line":246,"column":31},"end":{"line":246,"column":33}},"91":{"start":{"line":249,"column":21},"end":{"line":249,"column":57}},"92":{"start":{"line":250,"column":18},"end":{"line":250,"column":55}},"93":{"start":{"line":252,"column":2},"end":{"line":254,"column":null}},"94":{"start":{"line":253,"column":3},"end":{"line":253,"column":16}},"95":{"start":{"line":257,"column":2},"end":{"line":285,"column":5}},"96":{"start":{"line":258,"column":21},"end":{"line":258,"column":29}},"97":{"start":{"line":261,"column":15},"end":{"line":261,"column":19}},"98":{"start":{"line":262,"column":26},"end":{"line":262,"column":27}},"99":{"start":{"line":263,"column":3},"end":{"line":270,"column":6}},"100":{"start":{"line":264,"column":4},"end":{"line":267,"column":null}},"101":{"start":{"line":265,"column":5},"end":{"line":265,"column":24}},"102":{"start":{"line":266,"column":5},"end":{"line":266,"column":20}},"103":{"start":{"line":268,"column":4},"end":{"line":268,"column":23}},"104":{"start":{"line":269,"column":4},"end":{"line":269,"column":14}},"105":{"start":{"line":273,"column":20},"end":{"line":273,"column":47}},"106":{"start":{"line":276,"column":16},"end":{"line":281,"column":null}},"107":{"start":{"line":284,"column":3},"end":{"line":284,"column":20}},"108":{"start":{"line":287,"column":2},"end":{"line":287,"column":15}},"109":{"start":{"line":19,"column":0},"end":{"line":19,"column":13}},"110":{"start":{"line":299,"column":47},"end":{"line":305,"column":3}},"111":{"start":{"line":307,"column":16},"end":{"line":307,"column":69}},"112":{"start":{"line":308,"column":1},"end":{"line":308,"column":42}},"113":{"start":{"line":294,"column":0},"end":{"line":294,"column":16}}},"fnMap":{"0":{"name":"(anonymous_0)","decl":{"start":{"line":20,"column":1},"end":{"line":20,"column":21}},"loc":{"start":{"line":20,"column":51},"end":{"line":20,"column":55}}},"1":{"name":"(anonymous_1)","decl":{"start":{"line":28,"column":1},"end":{"line":28,"column":6}},"loc":{"start":{"line":28,"column":42},"end":{"line":92,"column":2}}},"2":{"name":"(anonymous_2)","decl":{"start":{"line":98,"column":9},"end":{"line":98,"column":16}},"loc":{"start":{"line":98,"column":69},"end":{"line":161,"column":2}}},"3":{"name":"(anonymous_3)","decl":{"start":{"line":170,"column":9},"end":{"line":170,"column":23}},"loc":{"start":{"line":173,"column":20},"end":{"line":238,"column":2}}},"4":{"name":"(anonymous_4)","decl":{"start":{"line":245,"column":9},"end":{"line":245,"column":19}},"loc":{"start":{"line":245,"column":72},"end":{"line":288,"column":2}}},"5":{"name":"(anonymous_5)","decl":{"start":{"line":257,"column":18},"end":{"line":257,"column":19}},"loc":{"start":{"line":257,"column":35},"end":{"line":285,"column":3}}},"6":{"name":"(anonymous_6)","decl":{"start":{"line":263,"column":37},"end":{"line":263,"column":38}},"loc":{"start":{"line":263,"column":47},"end":{"line":270,"column":4}}},"7":{"name":"parseInlineFlashcards","decl":{"start":{"line":294,"column":16},"end":{"line":294,"column":37}},"loc":{"start":{"line":297,"column":41},"end":{"line":309,"column":1}}}},"branchMap":{"0":{"loc":{"start":{"line":40,"column":3},"end":{"line":44,"column":null}},"type":"if","locations":[{"start":{"line":40,"column":3},"end":{"line":44,"column":null}},{"start":{},"end":{}}]},"1":{"loc":{"start":{"line":47,"column":3},"end":{"line":50,"column":null}},"type":"if","locations":[{"start":{"line":47,"column":3},"end":{"line":50,"column":null}},{"start":{},"end":{}}]},"2":{"loc":{"start":{"line":55,"column":3},"end":{"line":58,"column":null}},"type":"if","locations":[{"start":{"line":55,"column":3},"end":{"line":58,"column":null}},{"start":{},"end":{}}]},"3":{"loc":{"start":{"line":61,"column":3},"end":{"line":68,"column":null}},"type":"if","locations":[{"start":{"line":61,"column":3},"end":{"line":68,"column":null}},{"start":{},"end":{}}]},"4":{"loc":{"start":{"line":63,"column":4},"end":{"line":67,"column":null}},"type":"if","locations":[{"start":{"line":63,"column":4},"end":{"line":67,"column":null}},{"start":{},"end":{}}]},"5":{"loc":{"start":{"line":71,"column":3},"end":{"line":78,"column":null}},"type":"if","locations":[{"start":{"line":71,"column":3},"end":{"line":78,"column":null}},{"start":{},"end":{}}]},"6":{"loc":{"start":{"line":71,"column":7},"end":{"line":71,"column":92}},"type":"binary-expr","locations":[{"start":{"line":71,"column":7},"end":{"line":71,"column":36}},{"start":{"line":71,"column":40},"end":{"line":71,"column":60}},{"start":{"line":71,"column":64},"end":{"line":71,"column":92}}]},"7":{"loc":{"start":{"line":73,"column":4},"end":{"line":77,"column":null}},"type":"if","locations":[{"start":{"line":73,"column":4},"end":{"line":77,"column":null}},{"start":{},"end":{}}]},"8":{"loc":{"start":{"line":81,"column":3},"end":{"line":86,"column":null}},"type":"if","locations":[{"start":{"line":81,"column":3},"end":{"line":86,"column":null}},{"start":{},"end":{}}]},"9":{"loc":{"start":{"line":83,"column":4},"end":{"line":85,"column":null}},"type":"if","locations":[{"start":{"line":83,"column":4},"end":{"line":85,"column":null}},{"start":{},"end":{}}]},"10":{"loc":{"start":{"line":100,"column":2},"end":{"line":102,"column":null}},"type":"if","locations":[{"start":{"line":100,"column":2},"end":{"line":102,"column":null}},{"start":{},"end":{}}]},"11":{"loc":{"start":{"line":111,"column":3},"end":{"line":129,"column":null}},"type":"if","locations":[{"start":{"line":111,"column":3},"end":{"line":129,"column":null}},{"start":{"line":126,"column":10},"end":{"line":129,"column":null}}]},"12":{"loc":{"start":{"line":111,"column":7},"end":{"line":111,"column":68}},"type":"binary-expr","locations":[{"start":{"line":111,"column":7},"end":{"line":111,"column":26}},{"start":{"line":111,"column":30},"end":{"line":111,"column":45}},{"start":{"line":111,"column":49},"end":{"line":111,"column":68}}]},"13":{"loc":{"start":{"line":113,"column":4},"end":{"line":125,"column":null}},"type":"if","locations":[{"start":{"line":113,"column":4},"end":{"line":125,"column":null}},{"start":{"line":117,"column":11},"end":{"line":125,"column":null}}]},"14":{"loc":{"start":{"line":113,"column":8},"end":{"line":113,"column":37}},"type":"binary-expr","locations":[{"start":{"line":113,"column":8},"end":{"line":113,"column":13}},{"start":{"line":113,"column":17},"end":{"line":113,"column":37}}]},"15":{"loc":{"start":{"line":133,"column":2},"end":{"line":135,"column":null}},"type":"if","locations":[{"start":{"line":133,"column":2},"end":{"line":135,"column":null}},{"start":{},"end":{}}]},"16":{"loc":{"start":{"line":141,"column":2},"end":{"line":143,"column":null}},"type":"if","locations":[{"start":{"line":141,"column":2},"end":{"line":143,"column":null}},{"start":{},"end":{}}]},"17":{"loc":{"start":{"line":146,"column":2},"end":{"line":148,"column":null}},"type":"if","locations":[{"start":{"line":146,"column":2},"end":{"line":148,"column":null}},{"start":{},"end":{}}]},"18":{"loc":{"start":{"line":146,"column":6},"end":{"line":146,"column":46}},"type":"binary-expr","locations":[{"start":{"line":146,"column":6},"end":{"line":146,"column":11}},{"start":{"line":146,"column":15},"end":{"line":146,"column":46}}]},"19":{"loc":{"start":{"line":179,"column":2},"end":{"line":181,"column":null}},"type":"if","locations":[{"start":{"line":179,"column":2},"end":{"line":181,"column":null}},{"start":{},"end":{}}]},"20":{"loc":{"start":{"line":192,"column":3},"end":{"line":194,"column":null}},"type":"if","locations":[{"start":{"line":192,"column":3},"end":{"line":194,"column":null}},{"start":{},"end":{}}]},"21":{"loc":{"start":{"line":192,"column":7},"end":{"line":192,"column":59}},"type":"binary-expr","locations":[{"start":{"line":192,"column":7},"end":{"line":192,"column":27}},{"start":{"line":192,"column":31},"end":{"line":192,"column":59}}]},"22":{"loc":{"start":{"line":197,"column":3},"end":{"line":199,"column":null}},"type":"if","locations":[{"start":{"line":197,"column":3},"end":{"line":199,"column":null}},{"start":{},"end":{}}]},"23":{"loc":{"start":{"line":197,"column":7},"end":{"line":197,"column":52}},"type":"binary-expr","locations":[{"start":{"line":197,"column":7},"end":{"line":197,"column":26}},{"start":{"line":197,"column":30},"end":{"line":197,"column":52}}]},"24":{"loc":{"start":{"line":202,"column":3},"end":{"line":204,"column":null}},"type":"if","locations":[{"start":{"line":202,"column":3},"end":{"line":204,"column":null}},{"start":{},"end":{}}]},"25":{"loc":{"start":{"line":202,"column":7},"end":{"line":202,"column":59}},"type":"binary-expr","locations":[{"start":{"line":202,"column":7},"end":{"line":202,"column":32}},{"start":{"line":202,"column":36},"end":{"line":202,"column":59}}]},"26":{"loc":{"start":{"line":207,"column":3},"end":{"line":212,"column":null}},"type":"if","locations":[{"start":{"line":207,"column":3},"end":{"line":212,"column":null}},{"start":{"line":209,"column":10},"end":{"line":212,"column":null}}]},"27":{"loc":{"start":{"line":209,"column":10},"end":{"line":212,"column":null}},"type":"if","locations":[{"start":{"line":209,"column":10},"end":{"line":212,"column":null}},{"start":{},"end":{}}]},"28":{"loc":{"start":{"line":221,"column":2},"end":{"line":223,"column":null}},"type":"if","locations":[{"start":{"line":221,"column":2},"end":{"line":223,"column":null}},{"start":{},"end":{}}]},"29":{"loc":{"start":{"line":221,"column":6},"end":{"line":221,"column":46}},"type":"binary-expr","locations":[{"start":{"line":221,"column":6},"end":{"line":221,"column":11}},{"start":{"line":221,"column":15},"end":{"line":221,"column":46}}]},"30":{"loc":{"start":{"line":252,"column":2},"end":{"line":254,"column":null}},"type":"if","locations":[{"start":{"line":252,"column":2},"end":{"line":254,"column":null}},{"start":{},"end":{}}]},"31":{"loc":{"start":{"line":264,"column":4},"end":{"line":267,"column":null}},"type":"if","locations":[{"start":{"line":264,"column":4},"end":{"line":267,"column":null}},{"start":{},"end":{}}]}},"s":{"0":2,"1":2,"2":39,"3":32,"4":32,"5":32,"6":32,"7":32,"8":59,"9":59,"10":2,"11":2,"12":2,"13":57,"14":1,"15":1,"16":56,"17":56,"18":10,"19":10,"20":46,"21":46,"22":46,"23":25,"24":25,"25":25,"26":21,"27":7,"28":7,"29":7,"30":7,"31":7,"32":14,"33":13,"34":13,"35":5,"36":14,"37":32,"38":46,"39":18,"40":28,"41":28,"42":28,"43":28,"44":237,"45":29,"46":1,"47":1,"48":28,"49":28,"50":28,"51":28,"52":28,"53":208,"54":208,"55":28,"56":0,"57":28,"58":28,"59":28,"60":1,"61":27,"62":2,"63":25,"64":25,"65":7,"66":7,"67":7,"68":0,"69":7,"70":7,"71":7,"72":14,"73":14,"74":1,"75":13,"76":1,"77":12,"78":1,"79":11,"80":7,"81":4,"82":4,"83":11,"84":7,"85":7,"86":0,"87":7,"88":7,"89":7,"90":13,"91":13,"92":13,"93":13,"94":8,"95":5,"96":6,"97":6,"98":6,"99":6,"100":8,"101":6,"102":6,"103":2,"104":2,"105":6,"106":6,"107":6,"108":5,"109":2,"110":0,"111":0,"112":0,"113":2},"f":{"0":39,"1":32,"2":46,"3":7,"4":13,"5":6,"6":8,"7":0},"b":{"0":[2,57],"1":[1,56],"2":[10,46],"3":[46,0],"4":[25,21],"5":[7,14],"6":[21,21,12],"7":[7,0],"8":[13,1],"9":[5,8],"10":[18,28],"11":[29,208],"12":[237,237,29],"13":[1,28],"14":[29,28],"15":[0,28],"16":[1,27],"17":[2,25],"18":[27,3],"19":[0,7],"20":[1,13],"21":[14,9],"22":[1,12],"23":[13,1],"24":[1,11],"25":[12,12],"26":[7,4],"27":[4,0],"28":[0,7],"29":[7,1],"30":[8,5],"31":[6,2]}}
,"C:\\Users\\Lilly\\OneDrive\\Desktop\\Test\\.obsidian\\plugins\\Flashly-\\src\\services\\storage-service.ts": {"path":"C:\\Users\\Lilly\\OneDrive\\Desktop\\Test\\.obsidian\\plugins\\Flashly-\\src\\services\\storage-service.ts","statementMap":{"0":{"start":{"line":34,"column":10},"end":{"line":34,"column":54}},"1":{"start":{"line":38,"column":4},"end":{"line":38,"column":25}},"2":{"start":{"line":45,"column":17},"end":{"line":45,"column":67}},"3":{"start":{"line":47,"column":4},"end":{"line":50,"column":null}},"4":{"start":{"line":48,"column":6},"end":{"line":48,"column":29}},"5":{"start":{"line":49,"column":6},"end":{"line":49,"column":13}},"6":{"start":{"line":53,"column":4},"end":{"line":55,"column":null}},"7":{"start":{"line":54,"column":6},"end":{"line":54,"column":59}},"8":{"start":{"line":62,"column":30},"end":{"line":65,"column":6}},"9":{"start":{"line":68,"column":4},"end":{"line":70,"column":null}},"10":{"start":{"line":69,"column":6},"end":{"line":69,"column":48}},"11":{"start":{"line":72,"column":4},"end":{"line":72,"column":37}},"12":{"start":{"line":79,"column":4},"end":{"line":79,"column":34}},"13":{"start":{"line":86,"column":4},"end":{"line":88,"column":null}},"14":{"start":{"line":87,"column":6},"end":{"line":87,"column":36}},"15":{"start":{"line":95,"column":4},"end":{"line":95,"column":30}},"16":{"start":{"line":102,"column":4},"end":{"line":102,"column":43}},"17":{"start":{"line":109,"column":17},"end":{"line":109,"column":35}},"18":{"start":{"line":110,"column":4},"end":{"line":112,"column":null}},"19":{"start":{"line":111,"column":6},"end":{"line":111,"column":13}},"20":{"start":{"line":114,"column":17},"end":{"line":114,"column":64}},"21":{"start":{"line":115,"column":4},"end":{"line":115,"column":32}},"22":{"start":{"line":122,"column":4},"end":{"line":122,"column":26}},"23":{"start":{"line":129,"column":4},"end":{"line":129,"column":65}},"24":{"start":{"line":129,"column":45},"end":{"line":129,"column":63}},"25":{"start":{"line":136,"column":4},"end":{"line":136,"column":70}},"26":{"start":{"line":136,"column":45},"end":{"line":136,"column":68}},"27":{"start":{"line":143,"column":4},"end":{"line":143,"column":72}},"28":{"start":{"line":143,"column":45},"end":{"line":143,"column":70}},"29":{"start":{"line":150,"column":4},"end":{"line":150,"column":64}},"30":{"start":{"line":150,"column":45},"end":{"line":150,"column":62}},"31":{"start":{"line":157,"column":4},"end":{"line":157,"column":27}},"32":{"start":{"line":164,"column":18},"end":{"line":164,"column":35}},"33":{"start":{"line":165,"column":4},"end":{"line":167,"column":null}},"34":{"start":{"line":166,"column":6},"end":{"line":166,"column":27}},"35":{"start":{"line":168,"column":4},"end":{"line":168,"column":29}},"36":{"start":{"line":175,"column":4},"end":{"line":179,"column":6}},"37":{"start":{"line":186,"column":4},"end":{"line":197,"column":6}},"38":{"start":{"line":204,"column":4},"end":{"line":215,"column":6}},"39":{"start":{"line":33,"column":0},"end":{"line":33,"column":13}}},"fnMap":{"0":{"name":"(anonymous_0)","decl":{"start":{"line":37,"column":2},"end":{"line":37,"column":14}},"loc":{"start":{"line":37,"column":28},"end":{"line":39,"column":3}}},"1":{"name":"(anonymous_1)","decl":{"start":{"line":44,"column":8},"end":{"line":44,"column":12}},"loc":{"start":{"line":44,"column":12},"end":{"line":56,"column":null}}},"2":{"name":"(anonymous_3)","decl":{"start":{"line":61,"column":8},"end":{"line":61,"column":12}},"loc":{"start":{"line":61,"column":12},"end":{"line":73,"column":null}}},"3":{"name":"(anonymous_5)","decl":{"start":{"line":78,"column":2},"end":{"line":78,"column":9}},"loc":{"start":{"line":78,"column":27},"end":{"line":80,"column":3}}},"4":{"name":"(anonymous_6)","decl":{"start":{"line":85,"column":2},"end":{"line":85,"column":10}},"loc":{"start":{"line":85,"column":31},"end":{"line":89,"column":3}}},"5":{"name":"(anonymous_7)","decl":{"start":{"line":94,"column":2},"end":{"line":94,"column":9}},"loc":{"start":{"line":94,"column":20},"end":{"line":96,"column":3}}},"6":{"name":"(anonymous_8)","decl":{"start":{"line":101,"column":2},"end":{"line":101,"column":13}},"loc":{"start":{"line":101,"column":13},"end":{"line":103,"column":3}}},"7":{"name":"(anonymous_9)","decl":{"start":{"line":108,"column":2},"end":{"line":108,"column":12}},"loc":{"start":{"line":108,"column":54},"end":{"line":116,"column":3}}},"8":{"name":"(anonymous_10)","decl":{"start":{"line":121,"column":2},"end":{"line":121,"column":12}},"loc":{"start":{"line":121,"column":23},"end":{"line":123,"column":3}}},"9":{"name":"(anonymous_11)","decl":{"start":{"line":128,"column":2},"end":{"line":128,"column":16}},"loc":{"start":{"line":128,"column":29},"end":{"line":130,"column":3}}},"10":{"name":"(anonymous_12)","decl":{"start":{"line":129,"column":37},"end":{"line":129,"column":41}},"loc":{"start":{"line":129,"column":45},"end":{"line":129,"column":63}}},"11":{"name":"(anonymous_13)","decl":{"start":{"line":135,"column":2},"end":{"line":135,"column":15}},"loc":{"start":{"line":135,"column":27},"end":{"line":137,"column":3}}},"12":{"name":"(anonymous_14)","decl":{"start":{"line":136,"column":37},"end":{"line":136,"column":41}},"loc":{"start":{"line":136,"column":45},"end":{"line":136,"column":68}}},"13":{"name":"(anonymous_15)","decl":{"start":{"line":142,"column":2},"end":{"line":142,"column":16}},"loc":{"start":{"line":142,"column":29},"end":{"line":144,"column":3}}},"14":{"name":"(anonymous_16)","decl":{"start":{"line":143,"column":37},"end":{"line":143,"column":41}},"loc":{"start":{"line":143,"column":45},"end":{"line":143,"column":70}}},"15":{"name":"(anonymous_17)","decl":{"start":{"line":149,"column":2},"end":{"line":149,"column":24}},"loc":{"start":{"line":149,"column":24},"end":{"line":151,"column":3}}},"16":{"name":"(anonymous_18)","decl":{"start":{"line":150,"column":37},"end":{"line":150,"column":41}},"loc":{"start":{"line":150,"column":45},"end":{"line":150,"column":62}}},"17":{"name":"(anonymous_19)","decl":{"start":{"line":156,"column":2},"end":{"line":156,"column":14}},"loc":{"start":{"line":156,"column":14},"end":{"line":158,"column":3}}},"18":{"name":"(anonymous_20)","decl":{"start":{"line":163,"column":2},"end":{"line":163,"column":14}},"loc":{"start":{"line":163,"column":14},"end":{"line":169,"column":3}}},"19":{"name":"(anonymous_21)","decl":{"start":{"line":174,"column":2},"end":{"line":174,"column":15}},"loc":{"start":{"line":174,"column":15},"end":{"line":180,"column":3}}},"20":{"name":"(anonymous_22)","decl":{"start":{"line":185,"column":10},"end":{"line":185,"column":23}},"loc":{"start":{"line":185,"column":41},"end":{"line":198,"column":3}}},"21":{"name":"(anonymous_23)","decl":{"start":{"line":203,"column":10},"end":{"line":203,"column":25}},"loc":{"start":{"line":203,"column":52},"end":{"line":216,"column":3}}}},"branchMap":{"0":{"loc":{"start":{"line":47,"column":4},"end":{"line":50,"column":null}},"type":"if","locations":[{"start":{"line":47,"column":4},"end":{"line":50,"column":null}},{"start":{},"end":{}}]},"1":{"loc":{"start":{"line":47,"column":8},"end":{"line":47,"column":28}},"type":"binary-expr","locations":[{"start":{"line":47,"column":8},"end":{"line":47,"column":13}},{"start":{"line":47,"column":17},"end":{"line":47,"column":28}}]},"2":{"loc":{"start":{"line":110,"column":4},"end":{"line":112,"column":null}},"type":"if","locations":[{"start":{"line":110,"column":4},"end":{"line":112,"column":null}},{"start":{},"end":{}}]}},"s":{"0":35,"1":35,"2":34,"3":34,"4":32,"5":32,"6":2,"7":2,"8":15,"9":15,"10":13,"11":15,"12":18,"13":8,"14":23,"15":18,"16":23,"17":3,"18":3,"19":1,"20":2,"21":2,"22":2,"23":1,"24":3,"25":1,"26":3,"27":2,"28":3,"29":2,"30":6,"31":10,"32":2,"33":2,"34":6,"35":2,"36":1,"37":13,"38":2,"39":2},"f":{"0":35,"1":34,"2":15,"3":18,"4":8,"5":18,"6":23,"7":3,"8":2,"9":1,"10":3,"11":1,"12":3,"13":2,"14":3,"15":2,"16":6,"17":10,"18":2,"19":1,"20":13,"21":2},"b":{"0":[32,2],"1":[34,2],"2":[1,2]}}
}
