TN:
SF:src\commands\scan-command.ts
FN:20,(anonymous_0)
FN:29,(anonymous_1)
FN:36,(anonymous_2)
FN:43,(anonymous_3)
FN:44,(anonymous_4)
FN:44,(anonymous_5)
FN:52,(anonymous_6)
FN:70,(anonymous_8)
FN:129,(anonymous_9)
FNF:9
FNH:7
FNDA:14,(anonymous_0)
FNDA:1,(anonymous_1)
FNDA:1,(anonymous_2)
FNDA:1,(anonymous_3)
FNDA:0,(anonymous_4)
FNDA:0,(anonymous_5)
FNDA:13,(anonymous_6)
FNDA:2,(anonymous_8)
FNDA:13,(anonymous_9)
DA:6,1
DA:19,1
DA:21,14
DA:22,14
DA:23,14
DA:30,1
DA:37,1
DA:44,1
DA:45,0
DA:53,13
DA:62,13
DA:64,13
DA:66,13
DA:69,13
DA:70,2
DA:72,13
DA:75,13
DA:76,12
DA:77,12
DA:79,10
DA:80,10
DA:83,10
DA:84,11
DA:86,11
DA:87,11
DA:89,1
DA:90,1
DA:93,10
DA:94,10
DA:98,2
DA:99,2
DA:104,13
DA:105,2
DA:106,1
DA:107,1
DA:112,13
DA:115,13
DA:116,13
DA:119,0
DA:120,0
DA:123,13
DA:130,13
DA:132,13
DA:134,13
DA:135,7
DA:138,13
DA:139,1
DA:142,13
DA:143,1
DA:146,13
DA:147,2
DA:150,13
LF:52
LH:49
BRDA:87,0,0,1
BRDA:87,0,1,10
BRDA:105,1,0,1
BRDA:105,1,1,1
BRDA:132,2,0,7
BRDA:132,2,1,6
BRDA:134,3,0,7
BRDA:134,3,1,6
BRDA:138,4,0,1
BRDA:138,4,1,12
BRDA:142,5,0,1
BRDA:142,5,1,12
BRDA:146,6,0,2
BRDA:146,6,1,11
BRDA:147,7,0,0
BRDA:147,7,1,2
BRF:16
BRH:15
end_of_record
TN:
SF:src\models\card.ts
FN:25,createFlashlyCard
FN:58,(anonymous_1)
FN:68,getCardStateLabel
FNF:3
FNH:2
FNDA:63,createFlashlyCard
FNDA:4,(anonymous_1)
FNDA:0,getCardStateLabel
DA:1,4
DA:25,4
DA:34,63
DA:35,63
DA:36,63
DA:38,63
DA:58,4
DA:59,4
DA:60,4
DA:61,4
DA:62,4
DA:68,4
DA:69,0
DA:71,0
DA:73,0
DA:75,0
DA:77,0
DA:79,0
LF:18
LH:12
BRDA:31,0,0,38
BRDA:32,1,0,38
BRDA:58,2,0,4
BRDA:58,2,1,4
BRDA:69,3,0,0
BRDA:69,3,1,0
BRDA:69,3,2,0
BRDA:69,3,3,0
BRDA:69,3,4,0
BRF:9
BRH:4
end_of_record
TN:
SF:src\parser\flashcard-parser.ts
FN:23,(anonymous_0)
FN:36,(anonymous_1)
FN:69,(anonymous_3)
FN:86,(anonymous_5)
FN:100,(anonymous_7)
FN:117,(anonymous_8)
FN:124,(anonymous_10)
FN:125,(anonymous_11)
FN:154,createDefaultParserSettings
FNF:9
FNH:3
FNDA:14,(anonymous_0)
FNDA:12,(anonymous_1)
FNDA:0,(anonymous_3)
FNDA:0,(anonymous_5)
FNDA:10,(anonymous_7)
FNDA:0,(anonymous_8)
FNDA:0,(anonymous_10)
FNDA:0,(anonymous_11)
FNDA:0,createDefaultParserSettings
DA:2,1
DA:3,1
DA:19,1
DA:24,14
DA:25,14
DA:27,14
DA:28,14
DA:37,12
DA:40,12
DA:41,12
DA:42,12
DA:46,12
DA:51,12
DA:54,12
DA:55,12
DA:56,10
DA:57,10
DA:62,10
DA:70,0
DA:71,0
DA:73,0
DA:74,0
DA:75,0
DA:78,0
DA:87,0
DA:89,0
DA:90,0
DA:91,0
DA:94,0
DA:101,10
DA:102,10
DA:104,10
DA:105,11
DA:106,11
DA:107,11
DA:111,10
DA:118,0
DA:120,0
DA:124,0
DA:125,0
DA:130,0
DA:132,0
DA:133,0
DA:135,0
DA:139,0
DA:154,1
DA:155,0
LF:47
LH:26
BRDA:40,0,0,12
BRDA:40,0,1,0
BRDA:46,1,0,12
BRDA:46,1,1,0
BRDA:51,2,0,12
BRDA:51,2,1,0
BRDA:54,3,0,12
BRDA:54,3,1,0
BRDA:105,4,0,11
BRDA:105,4,1,0
BRDA:132,5,0,0
BRDA:132,5,1,0
BRF:12
BRH:5
end_of_record
TN:
SF:src\parser\header-parser.ts
FN:31,(anonymous_0)
FN:39,(anonymous_1)
FN:49,(anonymous_2)
FN:50,(anonymous_3)
FN:59,(anonymous_4)
FN:101,(anonymous_5)
FN:158,(anonymous_7)
FN:203,(anonymous_8)
FN:233,(anonymous_9)
FN:246,(anonymous_10)
FN:256,parseHeaderFlashcards
FNF:11
FNH:9
FNDA:42,(anonymous_0)
FNDA:31,(anonymous_1)
FNDA:19,(anonymous_2)
FNDA:19,(anonymous_3)
FNDA:17,(anonymous_4)
FNDA:26,(anonymous_5)
FNDA:13,(anonymous_7)
FNDA:26,(anonymous_8)
FNDA:13,(anonymous_9)
FNDA:0,(anonymous_10)
FNDA:0,parseHeaderFlashcards
DA:1,2
DA:2,2
DA:30,2
DA:32,42
DA:33,42
DA:40,31
DA:41,31
DA:44,18
DA:49,18
DA:50,19
DA:51,19
DA:60,17
DA:61,30
DA:63,30
DA:65,15
DA:66,15
DA:69,1
DA:70,1
DA:74,1
DA:75,1
DA:76,1
DA:77,1
DA:78,1
DA:81,1
DA:84,1
DA:87,14
DA:88,14
DA:91,30
DA:95,0
DA:102,26
DA:103,13
DA:106,13
DA:107,13
DA:108,13
DA:110,13
DA:111,13
DA:113,13
DA:114,13
DA:115,13
DA:117,13
DA:118,26
DA:121,26
DA:122,0
DA:125,26
DA:126,26
DA:128,26
DA:135,26
DA:136,25
DA:138,25
DA:148,25
DA:152,13
DA:159,13
DA:160,13
DA:162,13
DA:163,79
DA:166,79
DA:167,2
DA:168,2
DA:171,77
DA:174,76
DA:175,63
DA:176,63
DA:177,2
DA:182,74
DA:183,74
DA:184,28
DA:187,28
DA:188,26
DA:197,13
DA:208,26
DA:210,26
DA:211,47
DA:214,47
DA:215,0
DA:216,0
DA:218,47
DA:219,0
DA:220,0
DA:224,47
DA:227,26
DA:234,13
DA:237,13
DA:238,13
DA:241,13
DA:245,13
DA:246,13
DA:249,13
DA:256,2
DA:261,0
DA:273,0
DA:274,0
LF:91
LH:82
BRDA:41,0,0,13
BRDA:41,0,1,18
BRDA:41,1,0,12
BRDA:41,1,1,19
BRDA:41,2,0,31
BRDA:41,2,1,31
BRDA:41,3,0,12
BRDA:41,3,1,19
BRDA:41,4,0,31
BRDA:41,4,1,19
BRDA:44,5,0,17
BRDA:44,5,1,1
BRDA:51,6,0,19
BRDA:51,6,1,4
BRDA:63,7,0,15
BRDA:63,7,1,1
BRDA:63,7,2,14
BRDA:65,8,0,0
BRDA:65,8,1,15
BRDA:65,9,0,15
BRDA:65,9,1,15
BRDA:69,10,0,1
BRDA:69,10,1,0
BRDA:69,11,0,1
BRDA:69,11,1,1
BRDA:69,12,0,0
BRDA:69,12,1,1
BRDA:69,13,0,1
BRDA:69,13,1,1
BRDA:70,14,0,1
BRDA:70,14,1,0
BRDA:76,15,0,1
BRDA:76,15,1,0
BRDA:81,16,0,1
BRDA:81,16,1,0
BRDA:91,17,0,17
BRDA:91,17,1,13
BRDA:102,18,0,13
BRDA:102,18,1,13
BRDA:108,19,0,0
BRDA:108,19,1,13
BRDA:121,20,0,0
BRDA:121,20,1,26
BRDA:126,21,0,13
BRDA:126,21,1,13
BRDA:135,22,0,25
BRDA:135,22,1,1
BRDA:135,23,0,26
BRDA:135,23,1,11
BRDA:166,24,0,2
BRDA:166,24,1,77
BRDA:171,25,0,1
BRDA:171,25,1,76
BRDA:174,26,0,63
BRDA:174,26,1,13
BRDA:174,27,0,76
BRDA:174,27,1,76
BRDA:176,28,0,2
BRDA:176,28,1,61
BRDA:183,29,0,28
BRDA:183,29,1,46
BRDA:187,30,0,26
BRDA:187,30,1,2
BRDA:214,31,0,0
BRDA:214,31,1,47
BRDA:215,32,0,0
BRDA:215,32,1,0
BRDA:215,33,0,0
BRDA:215,33,1,0
BRDA:218,34,0,0
BRDA:218,34,1,47
BRDA:219,35,0,0
BRDA:219,35,1,0
BRDA:237,36,0,13
BRDA:237,36,1,0
BRDA:237,37,0,0
BRDA:237,37,1,13
BRDA:237,38,0,13
BRDA:237,38,1,13
BRDA:238,39,0,13
BRDA:238,39,1,0
BRDA:245,40,0,13
BRDA:245,40,1,0
BRF:83
BRH:63
end_of_record
TN:
SF:src\parser\inline-parser.ts
FN:20,(anonymous_0)
FN:28,(anonymous_1)
FN:98,(anonymous_2)
FN:170,(anonymous_3)
FN:245,(anonymous_4)
FN:257,(anonymous_5)
FN:263,(anonymous_6)
FN:294,parseInlineFlashcards
FNF:8
FNH:7
FNDA:39,(anonymous_0)
FNDA:32,(anonymous_1)
FNDA:46,(anonymous_2)
FNDA:7,(anonymous_3)
FNDA:13,(anonymous_4)
FNDA:6,(anonymous_5)
FNDA:8,(anonymous_6)
FNDA:0,parseInlineFlashcards
DA:1,2
DA:2,2
DA:19,2
DA:20,39
DA:29,32
DA:30,32
DA:33,32
DA:34,32
DA:36,32
DA:37,59
DA:40,59
DA:41,2
DA:42,2
DA:43,2
DA:47,57
DA:48,1
DA:49,1
DA:52,56
DA:55,56
DA:56,10
DA:57,10
DA:61,46
DA:62,46
DA:63,46
DA:64,25
DA:65,25
DA:66,25
DA:71,21
DA:72,7
DA:73,7
DA:74,7
DA:75,7
DA:76,7
DA:81,14
DA:82,13
DA:83,13
DA:84,5
DA:88,14
DA:91,32
DA:100,46
DA:101,18
DA:106,28
DA:107,28
DA:108,28
DA:110,28
DA:111,237
DA:113,29
DA:115,1
DA:116,1
DA:119,28
DA:120,28
DA:121,28
DA:123,28
DA:124,28
DA:127,208
DA:128,208
DA:133,28
DA:134,0
DA:137,28
DA:138,28
DA:141,28
DA:142,1
DA:146,27
DA:147,2
DA:151,25
DA:154,25
DA:175,7
DA:176,7
DA:179,7
DA:180,0
DA:184,7
DA:185,7
DA:188,7
DA:189,14
DA:192,14
DA:193,1
DA:197,13
DA:198,1
DA:202,12
DA:203,1
DA:207,11
DA:208,7
DA:209,4
DA:211,4
DA:214,11
DA:218,7
DA:221,7
DA:222,0
DA:226,7
DA:229,7
DA:237,7
DA:246,13
DA:249,13
DA:250,13
DA:252,13
DA:253,8
DA:257,5
DA:258,6
DA:261,6
DA:262,6
DA:263,6
DA:264,8
DA:265,6
DA:266,6
DA:268,2
DA:269,2
DA:273,6
DA:276,6
DA:284,6
DA:287,5
DA:294,2
DA:299,0
DA:307,0
DA:308,0
LF:114
LH:108
BRDA:40,0,0,2
BRDA:40,0,1,57
BRDA:47,1,0,1
BRDA:47,1,1,56
BRDA:55,2,0,10
BRDA:55,2,1,46
BRDA:61,3,0,46
BRDA:61,3,1,0
BRDA:63,4,0,25
BRDA:63,4,1,21
BRDA:71,5,0,7
BRDA:71,5,1,14
BRDA:71,6,0,21
BRDA:71,6,1,21
BRDA:71,6,2,12
BRDA:73,7,0,7
BRDA:73,7,1,0
BRDA:81,8,0,13
BRDA:81,8,1,1
BRDA:83,9,0,5
BRDA:83,9,1,8
BRDA:100,10,0,18
BRDA:100,10,1,28
BRDA:111,11,0,29
BRDA:111,11,1,208
BRDA:111,12,0,237
BRDA:111,12,1,237
BRDA:111,12,2,29
BRDA:113,13,0,1
BRDA:113,13,1,28
BRDA:113,14,0,29
BRDA:113,14,1,28
BRDA:133,15,0,0
BRDA:133,15,1,28
BRDA:141,16,0,1
BRDA:141,16,1,27
BRDA:146,17,0,2
BRDA:146,17,1,25
BRDA:146,18,0,27
BRDA:146,18,1,3
BRDA:179,19,0,0
BRDA:179,19,1,7
BRDA:192,20,0,1
BRDA:192,20,1,13
BRDA:192,21,0,14
BRDA:192,21,1,9
BRDA:197,22,0,1
BRDA:197,22,1,12
BRDA:197,23,0,13
BRDA:197,23,1,1
BRDA:202,24,0,1
BRDA:202,24,1,11
BRDA:202,25,0,12
BRDA:202,25,1,12
BRDA:207,26,0,7
BRDA:207,26,1,4
BRDA:209,27,0,4
BRDA:209,27,1,0
BRDA:221,28,0,0
BRDA:221,28,1,7
BRDA:221,29,0,7
BRDA:221,29,1,1
BRDA:252,30,0,8
BRDA:252,30,1,5
BRDA:264,31,0,6
BRDA:264,31,1,2
BRF:66
BRH:60
end_of_record
TN:
SF:src\services\storage-service.ts
FN:37,(anonymous_0)
FN:44,(anonymous_1)
FN:61,(anonymous_3)
FN:78,(anonymous_5)
FN:85,(anonymous_6)
FN:94,(anonymous_7)
FN:101,(anonymous_8)
FN:108,(anonymous_9)
FN:121,(anonymous_10)
FN:128,(anonymous_11)
FN:129,(anonymous_12)
FN:135,(anonymous_13)
FN:136,(anonymous_14)
FN:142,(anonymous_15)
FN:143,(anonymous_16)
FN:149,(anonymous_17)
FN:150,(anonymous_18)
FN:156,(anonymous_19)
FN:163,(anonymous_20)
FN:174,(anonymous_21)
FN:185,(anonymous_22)
FN:203,(anonymous_23)
FNF:22
FNH:22
FNDA:35,(anonymous_0)
FNDA:34,(anonymous_1)
FNDA:15,(anonymous_3)
FNDA:18,(anonymous_5)
FNDA:8,(anonymous_6)
FNDA:18,(anonymous_7)
FNDA:23,(anonymous_8)
FNDA:3,(anonymous_9)
FNDA:2,(anonymous_10)
FNDA:1,(anonymous_11)
FNDA:3,(anonymous_12)
FNDA:1,(anonymous_13)
FNDA:3,(anonymous_14)
FNDA:2,(anonymous_15)
FNDA:3,(anonymous_16)
FNDA:2,(anonymous_17)
FNDA:6,(anonymous_18)
FNDA:10,(anonymous_19)
FNDA:2,(anonymous_20)
FNDA:1,(anonymous_21)
FNDA:13,(anonymous_22)
FNDA:2,(anonymous_23)
DA:33,2
DA:34,35
DA:38,35
DA:45,34
DA:47,34
DA:48,32
DA:49,32
DA:53,2
DA:54,2
DA:62,15
DA:68,15
DA:69,13
DA:72,15
DA:79,18
DA:86,8
DA:87,23
DA:95,18
DA:102,23
DA:109,3
DA:110,3
DA:111,1
DA:114,2
DA:115,2
DA:122,2
DA:129,3
DA:136,3
DA:143,3
DA:150,6
DA:157,10
DA:164,2
DA:165,2
DA:166,6
DA:168,2
DA:175,1
DA:186,13
DA:204,2
LF:36
LH:36
BRDA:47,0,0,32
BRDA:47,0,1,2
BRDA:47,1,0,34
BRDA:47,1,1,2
BRDA:110,2,0,1
BRDA:110,2,1,2
BRF:6
BRH:6
end_of_record
